{"/home/travis/build/npmtest/node-npmtest-sortablejs/test.js":{"path":"/home/travis/build/npmtest/node-npmtest-sortablejs/test.js","s":{"1":2,"2":2,"3":2,"4":2,"5":2,"6":2,"7":2,"8":1,"9":2,"10":2,"11":1,"12":1,"13":1,"14":1,"15":2,"16":2,"17":2,"18":2,"19":1,"20":1,"21":2,"22":2,"23":2,"24":1,"25":1,"26":1,"27":1,"28":1,"29":1,"30":1,"31":1,"32":1,"33":1,"34":1,"35":1,"36":1,"37":1,"38":1,"39":2,"40":2,"41":1,"42":2,"43":2,"44":1,"45":2,"46":2,"47":1,"48":2,"49":2,"50":1,"51":1,"52":1,"53":1,"54":1},"b":{"1":[2,1,1,1],"2":[1,1,1,1],"3":[1,1],"4":[1,1],"5":[1,1],"6":[1,1],"7":[1,1],"8":[1,1],"9":[1,1],"10":[1,1,1],"11":[1,1],"12":[1,1],"13":[1,1],"14":[1,1],"15":[1,1],"16":[1,1],"17":[1,1]},"f":{"1":2,"2":2,"3":2,"4":2,"5":2,"6":1,"7":1,"8":1,"9":2,"10":2,"11":2,"12":2,"13":1},"fnMap":{"1":{"name":"(anonymous_1)","line":12,"loc":{"start":{"line":12,"column":1},"end":{"line":12,"column":13}}},"2":{"name":"(anonymous_2)","line":19,"loc":{"start":{"line":19,"column":5},"end":{"line":19,"column":17}}},"3":{"name":"(anonymous_3)","line":23,"loc":{"start":{"line":23,"column":24},"end":{"line":23,"column":36}}},"4":{"name":"(anonymous_4)","line":61,"loc":{"start":{"line":61,"column":5},"end":{"line":61,"column":17}}},"5":{"name":"(anonymous_5)","line":82,"loc":{"start":{"line":82,"column":5},"end":{"line":82,"column":17}}},"6":{"name":"(anonymous_6)","line":91,"loc":{"start":{"line":91,"column":77},"end":{"line":94,"column":10}}},"7":{"name":"(anonymous_7)","line":112,"loc":{"start":{"line":112,"column":83},"end":{"line":115,"column":10}},"skip":true},"8":{"name":"(anonymous_8)","line":123,"loc":{"start":{"line":123,"column":77},"end":{"line":126,"column":10}},"skip":true},"9":{"name":"(anonymous_9)","line":139,"loc":{"start":{"line":139,"column":12},"end":{"line":139,"column":40}},"skip":true},"10":{"name":"(anonymous_10)","line":147,"loc":{"start":{"line":147,"column":77},"end":{"line":150,"column":10}},"skip":true},"11":{"name":"(anonymous_11)","line":158,"loc":{"start":{"line":158,"column":83},"end":{"line":161,"column":10}},"skip":true},"12":{"name":"(anonymous_12)","line":169,"loc":{"start":{"line":169,"column":79},"end":{"line":172,"column":10}},"skip":true},"13":{"name":"(anonymous_13)","line":180,"loc":{"start":{"line":180,"column":75},"end":{"line":183,"column":10}},"skip":true}},"statementMap":{"1":{"start":{"line":12,"column":0},"end":{"line":195,"column":5}},"2":{"start":{"line":14,"column":4},"end":{"line":14,"column":14}},"3":{"start":{"line":19,"column":4},"end":{"line":56,"column":9}},"4":{"start":{"line":21,"column":8},"end":{"line":21,"column":19}},"5":{"start":{"line":23,"column":8},"end":{"line":35,"column":13}},"6":{"start":{"line":24,"column":12},"end":{"line":34,"column":13}},"7":{"start":{"line":25,"column":16},"end":{"line":28,"column":30}},"8":{"start":{"line":30,"column":16},"end":{"line":33,"column":27}},"9":{"start":{"line":37,"column":8},"end":{"line":39,"column":21}},"10":{"start":{"line":40,"column":8},"end":{"line":53,"column":9}},"11":{"start":{"line":43,"column":12},"end":{"line":46,"column":14}},"12":{"start":{"line":47,"column":12},"end":{"line":47,"column":18}},"13":{"start":{"line":50,"column":12},"end":{"line":51,"column":46}},"14":{"start":{"line":52,"column":12},"end":{"line":52,"column":18}},"15":{"start":{"line":55,"column":8},"end":{"line":55,"column":35}},"16":{"start":{"line":61,"column":4},"end":{"line":63,"column":9}},"17":{"start":{"line":62,"column":8},"end":{"line":62,"column":15}},"18":{"start":{"line":64,"column":4},"end":{"line":77,"column":5}},"19":{"start":{"line":70,"column":8},"end":{"line":70,"column":14}},"20":{"start":{"line":76,"column":8},"end":{"line":76,"column":14}},"21":{"start":{"line":82,"column":4},"end":{"line":84,"column":9}},"22":{"start":{"line":83,"column":8},"end":{"line":83,"column":15}},"23":{"start":{"line":85,"column":4},"end":{"line":194,"column":5}},"24":{"start":{"line":91,"column":8},"end":{"line":99,"column":10}},"25":{"start":{"line":98,"column":12},"end":{"line":98,"column":35}},"26":{"start":{"line":102,"column":8},"end":{"line":104,"column":63}},"27":{"start":{"line":105,"column":8},"end":{"line":105,"column":14}},"28":{"start":{"line":112,"column":8},"end":{"line":121,"column":10},"skip":true},"29":{"start":{"line":119,"column":12},"end":{"line":119,"column":55},"skip":true},"30":{"start":{"line":120,"column":12},"end":{"line":120,"column":48},"skip":true},"31":{"start":{"line":123,"column":8},"end":{"line":136,"column":10},"skip":true},"32":{"start":{"line":130,"column":12},"end":{"line":130,"column":76},"skip":true},"33":{"start":{"line":131,"column":12},"end":{"line":131,"column":73},"skip":true},"34":{"start":{"line":132,"column":12},"end":{"line":132,"column":74},"skip":true},"35":{"start":{"line":133,"column":12},"end":{"line":133,"column":79},"skip":true},"36":{"start":{"line":134,"column":12},"end":{"line":134,"column":25},"skip":true},"37":{"start":{"line":135,"column":12},"end":{"line":135,"column":45},"skip":true},"38":{"start":{"line":138,"column":8},"end":{"line":145,"column":14},"skip":true},"39":{"start":{"line":143,"column":16},"end":{"line":143,"column":29},"skip":true},"40":{"start":{"line":144,"column":16},"end":{"line":144,"column":55},"skip":true},"41":{"start":{"line":147,"column":8},"end":{"line":156,"column":10},"skip":true},"42":{"start":{"line":154,"column":12},"end":{"line":154,"column":25},"skip":true},"43":{"start":{"line":155,"column":12},"end":{"line":155,"column":45},"skip":true},"44":{"start":{"line":158,"column":8},"end":{"line":167,"column":10},"skip":true},"45":{"start":{"line":165,"column":12},"end":{"line":165,"column":25},"skip":true},"46":{"start":{"line":166,"column":12},"end":{"line":166,"column":48},"skip":true},"47":{"start":{"line":169,"column":8},"end":{"line":178,"column":10},"skip":true},"48":{"start":{"line":176,"column":12},"end":{"line":176,"column":25},"skip":true},"49":{"start":{"line":177,"column":12},"end":{"line":177,"column":46},"skip":true},"50":{"start":{"line":180,"column":8},"end":{"line":189,"column":10},"skip":true},"51":{"start":{"line":187,"column":12},"end":{"line":187,"column":94},"skip":true},"52":{"start":{"line":188,"column":12},"end":{"line":188,"column":48},"skip":true},"53":{"start":{"line":192,"column":8},"end":{"line":192,"column":35},"skip":true},"54":{"start":{"line":193,"column":8},"end":{"line":193,"column":14},"skip":true}},"branchMap":{"1":{"line":25,"type":"binary-expr","locations":[{"start":{"line":25,"column":23},"end":{"line":25,"column":62}},{"start":{"line":26,"column":20},"end":{"line":26,"column":70}},{"start":{"line":27,"column":20},"end":{"line":27,"column":71}},{"start":{"line":28,"column":20},"end":{"line":28,"column":29}}]},"2":{"line":30,"type":"binary-expr","locations":[{"start":{"line":30,"column":23},"end":{"line":30,"column":37}},{"start":{"line":31,"column":20},"end":{"line":31,"column":61}},{"start":{"line":32,"column":20},"end":{"line":32,"column":70}},{"start":{"line":33,"column":20},"end":{"line":33,"column":26}}]},"3":{"line":37,"type":"cond-expr","locations":[{"start":{"line":38,"column":14},"end":{"line":38,"column":20}},{"start":{"line":39,"column":14},"end":{"line":39,"column":20}}]},"4":{"line":40,"type":"switch","locations":[{"start":{"line":42,"column":8},"end":{"line":47,"column":18}},{"start":{"line":49,"column":8},"end":{"line":52,"column":18}}]},"5":{"line":44,"type":"binary-expr","locations":[{"start":{"line":44,"column":16},"end":{"line":44,"column":44}},{"start":{"line":44,"column":48},"end":{"line":44,"column":66}}]},"6":{"line":50,"type":"binary-expr","locations":[{"start":{"line":50,"column":21},"end":{"line":50,"column":49}},{"start":{"line":50,"column":53},"end":{"line":50,"column":72}}]},"7":{"line":64,"type":"switch","locations":[{"start":{"line":69,"column":4},"end":{"line":70,"column":14}},{"start":{"line":75,"column":4},"end":{"line":76,"column":14}}]},"8":{"line":85,"type":"switch","locations":[{"start":{"line":90,"column":4},"end":{"line":105,"column":14}},{"start":{"line":111,"column":4},"end":{"line":193,"column":14},"skip":true}]},"9":{"line":91,"type":"binary-expr","locations":[{"start":{"line":91,"column":42},"end":{"line":91,"column":73}},{"start":{"line":91,"column":77},"end":{"line":99,"column":9}}]},"10":{"line":102,"type":"binary-expr","locations":[{"start":{"line":102,"column":18},"end":{"line":102,"column":32}},{"start":{"line":103,"column":12},"end":{"line":103,"column":53}},{"start":{"line":104,"column":12},"end":{"line":104,"column":61}}]},"11":{"line":112,"type":"binary-expr","locations":[{"start":{"line":112,"column":45},"end":{"line":112,"column":79},"skip":true},{"start":{"line":112,"column":83},"end":{"line":121,"column":9},"skip":true}]},"12":{"line":123,"type":"binary-expr","locations":[{"start":{"line":123,"column":42},"end":{"line":123,"column":73},"skip":true},{"start":{"line":123,"column":77},"end":{"line":136,"column":9},"skip":true}]},"13":{"line":138,"type":"binary-expr","locations":[{"start":{"line":138,"column":48},"end":{"line":138,"column":85},"skip":true},{"start":{"line":139,"column":12},"end":{"line":145,"column":13},"skip":true}]},"14":{"line":147,"type":"binary-expr","locations":[{"start":{"line":147,"column":42},"end":{"line":147,"column":73},"skip":true},{"start":{"line":147,"column":77},"end":{"line":156,"column":9},"skip":true}]},"15":{"line":158,"type":"binary-expr","locations":[{"start":{"line":158,"column":45},"end":{"line":158,"column":79},"skip":true},{"start":{"line":158,"column":83},"end":{"line":167,"column":9},"skip":true}]},"16":{"line":169,"type":"binary-expr","locations":[{"start":{"line":169,"column":43},"end":{"line":169,"column":75},"skip":true},{"start":{"line":169,"column":79},"end":{"line":178,"column":9},"skip":true}]},"17":{"line":180,"type":"binary-expr","locations":[{"start":{"line":180,"column":41},"end":{"line":180,"column":71},"skip":true},{"start":{"line":180,"column":75},"end":{"line":189,"column":9},"skip":true}]}},"code":["/* istanbul instrument in package npmtest_sortablejs */","/*jslint","    bitwise: true,","    browser: true,","    maxerr: 8,","    maxlen: 96,","    node: true,","    nomen: true,","    regexp: true,","    stupid: true","*/","(function () {","    'use strict';","    var local;","","","","    // run shared js-env code - pre-init","    (function () {","        // init local","        local = {};","        // init modeJs","        local.modeJs = (function () {","            try {","                return typeof navigator.userAgent === 'string' &&","                    typeof document.querySelector('body') === 'object' &&","                    typeof XMLHttpRequest.prototype.open === 'function' &&","                    'browser';","            } catch (errorCaughtBrowser) {","                return module.exports &&","                    typeof process.versions.node === 'string' &&","                    typeof require('http').createServer === 'function' &&","                    'node';","            }","        }());","        // init global","        local.global = local.modeJs === 'browser'","            ? window","            : global;","        switch (local.modeJs) {","        // re-init local from window.local","        case 'browser':","            local = local.global.utility2.objectSetDefault(","                local.global.utility2_rollup || local.global.local,","                local.global.utility2","            );","            break;","        // re-init local from example.js","        case 'node':","            local = (local.global.utility2_rollup || require('utility2'))","                .requireExampleJsFromReadme();","            break;","        }","        // export local","        local.global.local = local;","    }());","","","","    // run shared js-env code - function","    (function () {","        return;","    }());","    switch (local.modeJs) {","","","","    // run browser js-env code - function","    case 'browser':","        break;","","","","    // run node js-env code - function","    case 'node':","        break;","    }","","","","    // run shared js-env code - post-init","    (function () {","        return;","    }());","    switch (local.modeJs) {","","","","    // run browser js-env code - post-init","    case 'browser':","        local.testCase_browser_nullCase = local.testCase_browser_nullCase || function (","            options,","            onError","        ) {","        /*","         * this function will test browsers's null-case handling-behavior-behavior","         */","            onError(null, options);","        };","","        // run tests","        local.nop(local.modeTest &&","            document.querySelector('#testRunButton1') &&","            document.querySelector('#testRunButton1').click());","        break;","","","","    // run node js-env code - post-init","    /* istanbul ignore next */","    case 'node':","        local.testCase_buildApidoc_default = local.testCase_buildApidoc_default || function (","            options,","            onError","        ) {","        /*","         * this function will test buildApidoc's default handling-behavior-behavior","         */","            options = { modulePathList: module.paths };","            local.buildApidoc(options, onError);","        };","","        local.testCase_buildApp_default = local.testCase_buildApp_default || function (","            options,","            onError","        ) {","        /*","         * this function will test buildApp's default handling-behavior-behavior","         */","            local.testCase_buildReadme_default(options, local.onErrorThrow);","            local.testCase_buildLib_default(options, local.onErrorThrow);","            local.testCase_buildTest_default(options, local.onErrorThrow);","            local.testCase_buildCustomOrg_default(options, local.onErrorThrow);","            options = [];","            local.buildApp(options, onError);","        };","","        local.testCase_buildCustomOrg_default = local.testCase_buildCustomOrg_default ||","            function (options, onError) {","            /*","             * this function will test buildCustomOrg's default handling-behavior","             */","                options = {};","                local.buildCustomOrg(options, onError);","            };","","        local.testCase_buildLib_default = local.testCase_buildLib_default || function (","            options,","            onError","        ) {","        /*","         * this function will test buildLib's default handling-behavior","         */","            options = {};","            local.buildLib(options, onError);","        };","","        local.testCase_buildReadme_default = local.testCase_buildReadme_default || function (","            options,","            onError","        ) {","        /*","         * this function will test buildReadme's default handling-behavior-behavior","         */","            options = {};","            local.buildReadme(options, onError);","        };","","        local.testCase_buildTest_default = local.testCase_buildTest_default || function (","            options,","            onError","        ) {","        /*","         * this function will test buildTest's default handling-behavior","         */","            options = {};","            local.buildTest(options, onError);","        };","","        local.testCase_webpage_default = local.testCase_webpage_default || function (","            options,","            onError","        ) {","        /*","         * this function will test webpage's default handling-behavior","         */","            options = { modeCoverageMerge: true, url: local.serverLocalHost + '?modeTest=1' };","            local.browserTest(options, onError);","        };","","        // run test-server","        local.testRunServer(local);","        break;","    }","}());",""],"l":{"12":2,"14":2,"19":2,"21":2,"23":2,"24":2,"25":2,"30":1,"37":2,"40":2,"43":1,"47":1,"50":1,"52":1,"55":2,"61":2,"62":2,"64":2,"70":1,"76":1,"82":2,"83":2,"85":2,"91":1,"98":1,"102":1,"105":1,"112":1,"119":1,"120":1,"123":1,"130":1,"131":1,"132":1,"133":1,"134":1,"135":1,"138":1,"143":2,"144":2,"147":1,"154":2,"155":2,"158":1,"165":2,"166":2,"169":1,"176":2,"177":2,"180":1,"187":1,"188":1,"192":1,"193":1}},"/home/travis/build/npmtest/node-npmtest-sortablejs/lib.npmtest_sortablejs.js":{"path":"/home/travis/build/npmtest/node-npmtest-sortablejs/lib.npmtest_sortablejs.js","s":{"1":2,"2":2,"3":2,"4":2,"5":2,"6":2,"7":2,"8":1,"9":2,"10":2,"11":2,"12":2,"13":1,"14":1,"15":1,"16":1},"b":{"1":[2,1,1,1],"2":[1,1,1,1],"3":[1,1],"4":[2,2],"5":[1,1]},"f":{"1":2,"2":2,"3":2},"fnMap":{"1":{"name":"(anonymous_1)","line":12,"loc":{"start":{"line":12,"column":1},"end":{"line":12,"column":13}}},"2":{"name":"(anonymous_2)","line":19,"loc":{"start":{"line":19,"column":5},"end":{"line":19,"column":17}}},"3":{"name":"(anonymous_3)","line":23,"loc":{"start":{"line":23,"column":24},"end":{"line":23,"column":36}}}},"statementMap":{"1":{"start":{"line":12,"column":0},"end":{"line":53,"column":5}},"2":{"start":{"line":14,"column":4},"end":{"line":14,"column":14}},"3":{"start":{"line":19,"column":4},"end":{"line":52,"column":9}},"4":{"start":{"line":21,"column":8},"end":{"line":21,"column":19}},"5":{"start":{"line":23,"column":8},"end":{"line":35,"column":13}},"6":{"start":{"line":24,"column":12},"end":{"line":34,"column":13}},"7":{"start":{"line":25,"column":16},"end":{"line":28,"column":30}},"8":{"start":{"line":30,"column":16},"end":{"line":33,"column":27}},"9":{"start":{"line":37,"column":8},"end":{"line":39,"column":21}},"10":{"start":{"line":41,"column":8},"end":{"line":41,"column":54}},"11":{"start":{"line":43,"column":8},"end":{"line":43,"column":55}},"12":{"start":{"line":45,"column":8},"end":{"line":51,"column":9}},"13":{"start":{"line":46,"column":12},"end":{"line":46,"column":61}},"14":{"start":{"line":48,"column":12},"end":{"line":48,"column":35}},"15":{"start":{"line":49,"column":12},"end":{"line":49,"column":49}},"16":{"start":{"line":50,"column":12},"end":{"line":50,"column":43}}},"branchMap":{"1":{"line":25,"type":"binary-expr","locations":[{"start":{"line":25,"column":23},"end":{"line":25,"column":62}},{"start":{"line":26,"column":20},"end":{"line":26,"column":70}},{"start":{"line":27,"column":20},"end":{"line":27,"column":71}},{"start":{"line":28,"column":20},"end":{"line":28,"column":29}}]},"2":{"line":30,"type":"binary-expr","locations":[{"start":{"line":30,"column":23},"end":{"line":30,"column":37}},{"start":{"line":31,"column":20},"end":{"line":31,"column":61}},{"start":{"line":32,"column":20},"end":{"line":32,"column":70}},{"start":{"line":33,"column":20},"end":{"line":33,"column":26}}]},"3":{"line":37,"type":"cond-expr","locations":[{"start":{"line":38,"column":14},"end":{"line":38,"column":20}},{"start":{"line":39,"column":14},"end":{"line":39,"column":20}}]},"4":{"line":41,"type":"binary-expr","locations":[{"start":{"line":41,"column":16},"end":{"line":41,"column":44}},{"start":{"line":41,"column":48},"end":{"line":41,"column":53}}]},"5":{"line":45,"type":"if","locations":[{"start":{"line":45,"column":8},"end":{"line":45,"column":8}},{"start":{"line":45,"column":8},"end":{"line":45,"column":8}}]}},"code":["/* istanbul instrument in package npmtest_sortablejs */","/*jslint","    bitwise: true,","    browser: true,","    maxerr: 8,","    maxlen: 96,","    node: true,","    nomen: true,","    regexp: true,","    stupid: true","*/","(function () {","    'use strict';","    var local;","","","","    // run shared js-env code - pre-init","    (function () {","        // init local","        local = {};","        // init modeJs","        local.modeJs = (function () {","            try {","                return typeof navigator.userAgent === 'string' &&","                    typeof document.querySelector('body') === 'object' &&","                    typeof XMLHttpRequest.prototype.open === 'function' &&","                    'browser';","            } catch (errorCaughtBrowser) {","                return module.exports &&","                    typeof process.versions.node === 'string' &&","                    typeof require('http').createServer === 'function' &&","                    'node';","            }","        }());","        // init global","        local.global = local.modeJs === 'browser'","            ? window","            : global;","        // init utility2_rollup","        local = local.global.utility2_rollup || local;","        // init lib","        local.local = local.npmtest_sortablejs = local;","        // init exports","        if (local.modeJs === 'browser') {","            local.global.utility2_npmtest_sortablejs = local;","        } else {","            module.exports = local;","            module.exports.__dirname = __dirname;","            module.exports.module = module;","        }","    }());","}());",""],"l":{"12":2,"14":2,"19":2,"21":2,"23":2,"24":2,"25":2,"30":1,"37":2,"41":2,"43":2,"45":2,"46":1,"48":1,"49":1,"50":1}},"/home/travis/build/npmtest/node-npmtest-sortablejs/example.js":{"path":"/home/travis/build/npmtest/node-npmtest-sortablejs/example.js","s":{"1":2,"2":2,"3":2,"4":2,"5":2,"6":2,"7":2,"8":1,"9":2,"10":2,"11":2,"12":2,"13":1,"14":2,"15":2,"16":2,"17":2,"18":2,"19":0,"20":2,"21":1,"22":1,"23":1,"24":1,"25":1,"26":0,"27":0,"28":1,"29":1,"30":2,"31":0,"32":0,"33":0,"34":1,"35":2,"36":2,"37":3,"38":3,"39":3,"40":3,"41":0,"42":3,"43":3,"44":3,"45":1,"46":3,"47":1,"48":1,"49":1,"50":1,"51":1,"52":1,"53":1,"54":1,"55":1,"56":1,"57":0,"58":1,"59":6,"60":6,"61":1,"62":2,"63":0,"64":2,"65":1,"66":1,"67":0,"68":0,"69":0,"70":0,"71":0,"72":0,"73":0,"74":0,"75":0,"76":0,"77":0,"78":0,"79":0,"80":0,"81":0,"82":0,"83":0},"b":{"1":[2,1,1,1],"2":[1,1,1,1],"3":[1,1],"4":[2,2],"5":[1,1],"6":[1,1],"7":[2,0],"8":[2,1,1,1,1,1],"9":[0,2,0],"10":[1,1],"11":[2,1,1],"12":[1,0],"13":[0,2],"14":[2,0,0,0,0,0,0],"15":[0,3],"16":[3,0],"17":[1,1],"18":[0,1],"19":[1,2,0,2],"20":[1,0],"21":[1,1],"22":[0,0],"23":[0,0],"24":[0,0],"25":[0,0],"26":[0,0],"27":[0,0],"28":[0,0]},"f":{"1":2,"2":2,"3":2,"4":2,"5":2,"6":2,"7":3,"8":3,"9":3,"10":1,"11":6,"12":0},"fnMap":{"1":{"name":"(anonymous_1)","line":26,"loc":{"start":{"line":26,"column":1},"end":{"line":26,"column":13}}},"2":{"name":"(anonymous_2)","line":33,"loc":{"start":{"line":33,"column":5},"end":{"line":33,"column":17}}},"3":{"name":"(anonymous_3)","line":37,"loc":{"start":{"line":37,"column":24},"end":{"line":37,"column":36}}},"4":{"name":"(anonymous_4)","line":69,"loc":{"start":{"line":69,"column":31},"end":{"line":69,"column":48}},"skip":true},"5":{"name":"(anonymous_5)","line":78,"loc":{"start":{"line":78,"column":26},"end":{"line":78,"column":45}},"skip":true},"6":{"name":"(anonymous_6)","line":123,"loc":{"start":{"line":123,"column":33},"end":{"line":123,"column":48}},"skip":true},"7":{"name":"(anonymous_7)","line":125,"loc":{"start":{"line":125,"column":27},"end":{"line":125,"column":39}},"skip":true},"8":{"name":"(anonymous_8)","line":133,"loc":{"start":{"line":133,"column":59},"end":{"line":133,"column":74}},"skip":true},"9":{"name":"(anonymous_9)","line":143,"loc":{"start":{"line":143,"column":45},"end":{"line":143,"column":62}},"skip":true},"10":{"name":"(anonymous_10)","line":144,"loc":{"start":{"line":144,"column":73},"end":{"line":144,"column":92}},"skip":true},"11":{"name":"(anonymous_11)","line":272,"loc":{"start":{"line":272,"column":51},"end":{"line":272,"column":77}},"skip":true},"12":{"name":"(anonymous_12)","line":315,"loc":{"start":{"line":315,"column":32},"end":{"line":315,"column":61}},"skip":true}},"statementMap":{"1":{"start":{"line":26,"column":0},"end":{"line":326,"column":5}},"2":{"start":{"line":28,"column":4},"end":{"line":28,"column":14}},"3":{"start":{"line":33,"column":4},"end":{"line":60,"column":9}},"4":{"start":{"line":35,"column":8},"end":{"line":35,"column":19}},"5":{"start":{"line":37,"column":8},"end":{"line":49,"column":13}},"6":{"start":{"line":38,"column":12},"end":{"line":48,"column":13}},"7":{"start":{"line":39,"column":16},"end":{"line":42,"column":30}},"8":{"start":{"line":44,"column":16},"end":{"line":47,"column":27}},"9":{"start":{"line":51,"column":8},"end":{"line":53,"column":21}},"10":{"start":{"line":55,"column":8},"end":{"line":57,"column":45}},"11":{"start":{"line":59,"column":8},"end":{"line":59,"column":35}},"12":{"start":{"line":61,"column":4},"end":{"line":325,"column":5}},"13":{"start":{"line":69,"column":8},"end":{"line":121,"column":10},"skip":true},"14":{"start":{"line":70,"column":12},"end":{"line":88,"column":13},"skip":true},"15":{"start":{"line":76,"column":16},"end":{"line":87,"column":19},"skip":true},"16":{"start":{"line":79,"column":20},"end":{"line":86,"column":21},"skip":true},"17":{"start":{"line":82,"column":24},"end":{"line":82,"column":43},"skip":true},"18":{"start":{"line":83,"column":24},"end":{"line":83,"column":30},"skip":true},"19":{"start":{"line":85,"column":24},"end":{"line":85,"column":49},"skip":true},"20":{"start":{"line":89,"column":12},"end":{"line":107,"column":13},"skip":true},"21":{"start":{"line":92,"column":16},"end":{"line":102,"column":17},"skip":true},"22":{"start":{"line":93,"column":20},"end":{"line":93,"column":86},"skip":true},"23":{"start":{"line":94,"column":20},"end":{"line":95,"column":45},"skip":true},"24":{"start":{"line":96,"column":20},"end":{"line":96,"column":42},"skip":true},"25":{"start":{"line":97,"column":20},"end":{"line":97,"column":48},"skip":true},"26":{"start":{"line":100,"column":20},"end":{"line":100,"column":85},"skip":true},"27":{"start":{"line":101,"column":20},"end":{"line":101,"column":96},"skip":true},"28":{"start":{"line":103,"column":16},"end":{"line":103,"column":22},"skip":true},"29":{"start":{"line":106,"column":16},"end":{"line":106,"column":22},"skip":true},"30":{"start":{"line":108,"column":12},"end":{"line":120,"column":13},"skip":true},"31":{"start":{"line":114,"column":16},"end":{"line":119,"column":17},"skip":true},"32":{"start":{"line":116,"column":20},"end":{"line":116,"column":78},"skip":true},"33":{"start":{"line":118,"column":20},"end":{"line":118,"column":47},"skip":true},"34":{"start":{"line":123,"column":8},"end":{"line":141,"column":11},"skip":true},"35":{"start":{"line":124,"column":12},"end":{"line":124,"column":54},"skip":true},"36":{"start":{"line":125,"column":12},"end":{"line":140,"column":14},"skip":true},"37":{"start":{"line":126,"column":16},"end":{"line":126,"column":28},"skip":true},"38":{"start":{"line":127,"column":16},"end":{"line":127,"column":69},"skip":true},"39":{"start":{"line":128,"column":16},"end":{"line":128,"column":75},"skip":true},"40":{"start":{"line":129,"column":16},"end":{"line":131,"column":17},"skip":true},"41":{"start":{"line":130,"column":20},"end":{"line":130,"column":27},"skip":true},"42":{"start":{"line":133,"column":16},"end":{"line":137,"column":36},"skip":true},"43":{"start":{"line":134,"column":20},"end":{"line":136,"column":55},"skip":true},"44":{"start":{"line":139,"column":16},"end":{"line":139,"column":57},"skip":true},"45":{"start":{"line":143,"column":8},"end":{"line":147,"column":11},"skip":true},"46":{"start":{"line":144,"column":12},"end":{"line":146,"column":15},"skip":true},"47":{"start":{"line":145,"column":16},"end":{"line":145,"column":70},"skip":true},"48":{"start":{"line":149,"column":8},"end":{"line":149,"column":31},"skip":true},"49":{"start":{"line":150,"column":8},"end":{"line":150,"column":14},"skip":true},"50":{"start":{"line":158,"column":8},"end":{"line":158,"column":31},"skip":true},"51":{"start":{"line":160,"column":8},"end":{"line":160,"column":33},"skip":true},"52":{"start":{"line":161,"column":8},"end":{"line":161,"column":37},"skip":true},"53":{"start":{"line":162,"column":8},"end":{"line":162,"column":35},"skip":true},"54":{"start":{"line":164,"column":8},"end":{"line":164,"column":50},"skip":true},"55":{"start":{"line":166,"column":8},"end":{"line":256,"column":2},"skip":true},"56":{"start":{"line":258,"column":8},"end":{"line":286,"column":9},"skip":true},"57":{"start":{"line":259,"column":12},"end":{"line":269,"column":14},"skip":true},"58":{"start":{"line":271,"column":12},"end":{"line":285,"column":19},"skip":true},"59":{"start":{"line":274,"column":20},"end":{"line":274,"column":35},"skip":true},"60":{"start":{"line":275,"column":20},"end":{"line":284,"column":21},"skip":true},"61":{"start":{"line":277,"column":24},"end":{"line":277,"column":64},"skip":true},"62":{"start":{"line":279,"column":24},"end":{"line":279,"column":40},"skip":true},"63":{"start":{"line":281,"column":24},"end":{"line":281,"column":40},"skip":true},"64":{"start":{"line":283,"column":24},"end":{"line":283,"column":39},"skip":true},"65":{"start":{"line":288,"column":8},"end":{"line":290,"column":9},"skip":true},"66":{"start":{"line":289,"column":12},"end":{"line":289,"column":18},"skip":true},"67":{"start":{"line":291,"column":8},"end":{"line":293,"column":54},"skip":true},"68":{"start":{"line":296,"column":8},"end":{"line":301,"column":37},"skip":true},"69":{"start":{"line":303,"column":8},"end":{"line":303,"column":82},"skip":true},"70":{"start":{"line":306,"column":8},"end":{"line":308,"column":9},"skip":true},"71":{"start":{"line":307,"column":12},"end":{"line":307,"column":82},"skip":true},"72":{"start":{"line":310,"column":8},"end":{"line":312,"column":9},"skip":true},"73":{"start":{"line":311,"column":12},"end":{"line":311,"column":18},"skip":true},"74":{"start":{"line":313,"column":8},"end":{"line":313,"column":54},"skip":true},"75":{"start":{"line":314,"column":8},"end":{"line":314,"column":69},"skip":true},"76":{"start":{"line":315,"column":8},"end":{"line":323,"column":36},"skip":true},"77":{"start":{"line":316,"column":12},"end":{"line":316,"column":61},"skip":true},"78":{"start":{"line":317,"column":12},"end":{"line":320,"column":13},"skip":true},"79":{"start":{"line":318,"column":16},"end":{"line":318,"column":75},"skip":true},"80":{"start":{"line":319,"column":16},"end":{"line":319,"column":23},"skip":true},"81":{"start":{"line":321,"column":12},"end":{"line":321,"column":38},"skip":true},"82":{"start":{"line":322,"column":12},"end":{"line":322,"column":27},"skip":true},"83":{"start":{"line":324,"column":8},"end":{"line":324,"column":14},"skip":true}},"branchMap":{"1":{"line":39,"type":"binary-expr","locations":[{"start":{"line":39,"column":23},"end":{"line":39,"column":62}},{"start":{"line":40,"column":20},"end":{"line":40,"column":70}},{"start":{"line":41,"column":20},"end":{"line":41,"column":71}},{"start":{"line":42,"column":20},"end":{"line":42,"column":29}}]},"2":{"line":44,"type":"binary-expr","locations":[{"start":{"line":44,"column":23},"end":{"line":44,"column":37}},{"start":{"line":45,"column":20},"end":{"line":45,"column":61}},{"start":{"line":46,"column":20},"end":{"line":46,"column":70}},{"start":{"line":47,"column":20},"end":{"line":47,"column":26}}]},"3":{"line":51,"type":"cond-expr","locations":[{"start":{"line":52,"column":14},"end":{"line":52,"column":20}},{"start":{"line":53,"column":14},"end":{"line":53,"column":20}}]},"4":{"line":55,"type":"binary-expr","locations":[{"start":{"line":55,"column":16},"end":{"line":55,"column":44}},{"start":{"line":55,"column":49},"end":{"line":57,"column":43}}]},"5":{"line":55,"type":"cond-expr","locations":[{"start":{"line":56,"column":14},"end":{"line":56,"column":54}},{"start":{"line":57,"column":14},"end":{"line":57,"column":43}}]},"6":{"line":61,"type":"switch","locations":[{"start":{"line":68,"column":4},"end":{"line":150,"column":14},"skip":true},{"start":{"line":156,"column":4},"end":{"line":324,"column":14},"skip":true}]},"7":{"line":70,"type":"if","locations":[{"start":{"line":70,"column":12},"end":{"line":70,"column":12},"skip":true},{"start":{"line":70,"column":12},"end":{"line":70,"column":12},"skip":true}]},"8":{"line":70,"type":"binary-expr","locations":[{"start":{"line":70,"column":16},"end":{"line":70,"column":22},"skip":true},{"start":{"line":70,"column":27},"end":{"line":70,"column":32},"skip":true},{"start":{"line":71,"column":20},"end":{"line":71,"column":39},"skip":true},{"start":{"line":72,"column":20},"end":{"line":72,"column":49},"skip":true},{"start":{"line":73,"column":20},"end":{"line":73,"column":58},"skip":true},{"start":{"line":74,"column":20},"end":{"line":74,"column":69},"skip":true}]},"9":{"line":79,"type":"switch","locations":[{"start":{"line":80,"column":20},"end":{"line":80,"column":33},"skip":true},{"start":{"line":81,"column":20},"end":{"line":83,"column":30},"skip":true},{"start":{"line":84,"column":20},"end":{"line":85,"column":49},"skip":true}]},"10":{"line":89,"type":"switch","locations":[{"start":{"line":90,"column":12},"end":{"line":103,"column":22},"skip":true},{"start":{"line":105,"column":12},"end":{"line":106,"column":22},"skip":true}]},"11":{"line":89,"type":"binary-expr","locations":[{"start":{"line":89,"column":20},"end":{"line":89,"column":25},"skip":true},{"start":{"line":89,"column":29},"end":{"line":89,"column":48},"skip":true},{"start":{"line":89,"column":52},"end":{"line":89,"column":74},"skip":true}]},"12":{"line":92,"type":"if","locations":[{"start":{"line":92,"column":16},"end":{"line":92,"column":16},"skip":true},{"start":{"line":92,"column":16},"end":{"line":92,"column":16},"skip":true}]},"13":{"line":108,"type":"if","locations":[{"start":{"line":108,"column":12},"end":{"line":108,"column":12},"skip":true},{"start":{"line":108,"column":12},"end":{"line":108,"column":12},"skip":true}]},"14":{"line":108,"type":"binary-expr","locations":[{"start":{"line":108,"column":16},"end":{"line":108,"column":61},"skip":true},{"start":{"line":108,"column":66},"end":{"line":108,"column":72},"skip":true},{"start":{"line":108,"column":77},"end":{"line":108,"column":82},"skip":true},{"start":{"line":109,"column":20},"end":{"line":109,"column":39},"skip":true},{"start":{"line":110,"column":20},"end":{"line":110,"column":49},"skip":true},{"start":{"line":111,"column":20},"end":{"line":111,"column":58},"skip":true},{"start":{"line":112,"column":20},"end":{"line":112,"column":68},"skip":true}]},"15":{"line":129,"type":"if","locations":[{"start":{"line":129,"column":16},"end":{"line":129,"column":16},"skip":true},{"start":{"line":129,"column":16},"end":{"line":129,"column":16},"skip":true}]},"16":{"line":134,"type":"cond-expr","locations":[{"start":{"line":135,"column":26},"end":{"line":135,"column":29},"skip":true},{"start":{"line":136,"column":26},"end":{"line":136,"column":54},"skip":true}]},"17":{"line":164,"type":"binary-expr","locations":[{"start":{"line":164,"column":27},"end":{"line":164,"column":43},"skip":true},{"start":{"line":164,"column":47},"end":{"line":164,"column":49},"skip":true}]},"18":{"line":258,"type":"if","locations":[{"start":{"line":258,"column":8},"end":{"line":258,"column":8},"skip":true},{"start":{"line":258,"column":8},"end":{"line":258,"column":8},"skip":true}]},"19":{"line":275,"type":"switch","locations":[{"start":{"line":276,"column":20},"end":{"line":277,"column":64},"skip":true},{"start":{"line":278,"column":20},"end":{"line":279,"column":40},"skip":true},{"start":{"line":280,"column":20},"end":{"line":281,"column":40},"skip":true},{"start":{"line":282,"column":20},"end":{"line":283,"column":39},"skip":true}]},"20":{"line":288,"type":"if","locations":[{"start":{"line":288,"column":8},"end":{"line":288,"column":8},"skip":true},{"start":{"line":288,"column":8},"end":{"line":288,"column":8},"skip":true}]},"21":{"line":288,"type":"binary-expr","locations":[{"start":{"line":288,"column":12},"end":{"line":288,"column":40},"skip":true},{"start":{"line":288,"column":44},"end":{"line":288,"column":67},"skip":true}]},"22":{"line":292,"type":"binary-expr","locations":[{"start":{"line":292,"column":12},"end":{"line":292,"column":50},"skip":true},{"start":{"line":293,"column":12},"end":{"line":293,"column":53},"skip":true}]},"23":{"line":297,"type":"binary-expr","locations":[{"start":{"line":297,"column":12},"end":{"line":297,"column":68},"skip":true},{"start":{"line":298,"column":12},"end":{"line":301,"column":36},"skip":true}]},"24":{"line":303,"type":"binary-expr","locations":[{"start":{"line":303,"column":43},"end":{"line":303,"column":75},"skip":true},{"start":{"line":303,"column":79},"end":{"line":303,"column":81},"skip":true}]},"25":{"line":306,"type":"if","locations":[{"start":{"line":306,"column":8},"end":{"line":306,"column":8},"skip":true},{"start":{"line":306,"column":8},"end":{"line":306,"column":8},"skip":true}]},"26":{"line":310,"type":"if","locations":[{"start":{"line":310,"column":8},"end":{"line":310,"column":8},"skip":true},{"start":{"line":310,"column":8},"end":{"line":310,"column":8},"skip":true}]},"27":{"line":313,"type":"binary-expr","locations":[{"start":{"line":313,"column":27},"end":{"line":313,"column":43},"skip":true},{"start":{"line":313,"column":47},"end":{"line":313,"column":53},"skip":true}]},"28":{"line":317,"type":"if","locations":[{"start":{"line":317,"column":12},"end":{"line":317,"column":12},"skip":true},{"start":{"line":317,"column":12},"end":{"line":317,"column":12},"skip":true}]}},"code":["/*","example.js","","quickstart example","","instruction","    1. save this script as example.js","    2. run the shell command:","        $ npm install npmtest-sortablejs && PORT=8081 node example.js","    3. play with the browser-demo on http://127.0.0.1:8081","*/","","","","/* istanbul instrument in package npmtest_sortablejs */","/*jslint","    bitwise: true,","    browser: true,","    maxerr: 8,","    maxlen: 96,","    node: true,","    nomen: true,","    regexp: true,","    stupid: true","*/","(function () {","    'use strict';","    var local;","","","","    // run shared js-env code - pre-init","    (function () {","        // init local","        local = {};","        // init modeJs","        local.modeJs = (function () {","            try {","                return typeof navigator.userAgent === 'string' &&","                    typeof document.querySelector('body') === 'object' &&","                    typeof XMLHttpRequest.prototype.open === 'function' &&","                    'browser';","            } catch (errorCaughtBrowser) {","                return module.exports &&","                    typeof process.versions.node === 'string' &&","                    typeof require('http').createServer === 'function' &&","                    'node';","            }","        }());","        // init global","        local.global = local.modeJs === 'browser'","            ? window","            : global;","        // init utility2_rollup","        local = local.global.utility2_rollup || (local.modeJs === 'browser'","            ? local.global.utility2_npmtest_sortablejs","            : global.utility2_moduleExports);","        // export local","        local.global.local = local;","    }());","    switch (local.modeJs) {","","","","    // post-init","    // run browser js-env code - post-init","    /* istanbul ignore next */","    case 'browser':","        local.testRunBrowser = function (event) {","            if (!event || (event &&","                    event.currentTarget &&","                    event.currentTarget.className &&","                    event.currentTarget.className.includes &&","                    event.currentTarget.className.includes('onreset'))) {","                // reset output","                Array.from(","                    document.querySelectorAll('body > .resettable')","                ).forEach(function (element) {","                    switch (element.tagName) {","                    case 'INPUT':","                    case 'TEXTAREA':","                        element.value = '';","                        break;","                    default:","                        element.textContent = '';","                    }","                });","            }","            switch (event && event.currentTarget && event.currentTarget.id) {","            case 'testRunButton1':","                // show tests","                if (document.querySelector('#testReportDiv1').style.display === 'none') {","                    document.querySelector('#testReportDiv1').style.display = 'block';","                    document.querySelector('#testRunButton1').textContent =","                        'hide internal test';","                    local.modeTest = true;","                    local.testRunDefault(local);","                // hide tests","                } else {","                    document.querySelector('#testReportDiv1').style.display = 'none';","                    document.querySelector('#testRunButton1').textContent = 'run internal test';","                }","                break;","            // custom-case","            default:","                break;","            }","            if (document.querySelector('#inputTextareaEval1') && (!event || (event &&","                    event.currentTarget &&","                    event.currentTarget.className &&","                    event.currentTarget.className.includes &&","                    event.currentTarget.className.includes('oneval')))) {","                // try to eval input-code","                try {","                    /*jslint evil: true*/","                    eval(document.querySelector('#inputTextareaEval1').value);","                } catch (errorCaught) {","                    console.error(errorCaught);","                }","            }","        };","        // log stderr and stdout to #outputTextareaStdout1","        ['error', 'log'].forEach(function (key) {","            console[key + '_original'] = console[key];","            console[key] = function () {","                var element;","                console[key + '_original'].apply(console, arguments);","                element = document.querySelector('#outputTextareaStdout1');","                if (!element) {","                    return;","                }","                // append text to #outputTextareaStdout1","                element.value += Array.from(arguments).map(function (arg) {","                    return typeof arg === 'string'","                        ? arg","                        : JSON.stringify(arg, null, 4);","                }).join(' ') + '\\n';","                // scroll textarea to bottom","                element.scrollTop = element.scrollHeight;","            };","        });","        // init event-handling","        ['change', 'click', 'keyup'].forEach(function (event) {","            Array.from(document.querySelectorAll('.on' + event)).forEach(function (element) {","                element.addEventListener(event, local.testRunBrowser);","            });","        });","        // run tests","        local.testRunBrowser();","        break;","","","","    // run node js-env code - post-init","    /* istanbul ignore next */","    case 'node':","        // export local","        module.exports = local;","        // require modules","        local.fs = require('fs');","        local.http = require('http');","        local.url = require('url');","        // init assets","        local.assetsDict = local.assetsDict || {};","        /* jslint-ignore-begin */","        local.assetsDict['/assets.index.template.html'] = '\\","<!doctype html>\\n\\","<html lang=\"en\">\\n\\","<head>\\n\\","<meta charset=\"UTF-8\">\\n\\","<meta name=\"viewport\" content=\"width=device-width, initial-scale=1\">\\n\\","<title>{{env.npm_package_name}} (v{{env.npm_package_version}})</title>\\n\\","<style>\\n\\","/*csslint\\n\\","    box-sizing: false,\\n\\","    universal-selector: false\\n\\","*/\\n\\","* {\\n\\","    box-sizing: border-box;\\n\\","}\\n\\","body {\\n\\","    background: #dde;\\n\\","    font-family: Arial, Helvetica, sans-serif;\\n\\","    margin: 2rem;\\n\\","}\\n\\","body > * {\\n\\","    margin-bottom: 1rem;\\n\\","}\\n\\",".utility2FooterDiv {\\n\\","    margin-top: 20px;\\n\\","    text-align: center;\\n\\","}\\n\\","</style>\\n\\","<style>\\n\\","/*csslint\\n\\","*/\\n\\","textarea {\\n\\","    font-family: monospace;\\n\\","    height: 10rem;\\n\\","    width: 100%;\\n\\","}\\n\\","textarea[readonly] {\\n\\","    background: #ddd;\\n\\","}\\n\\","</style>\\n\\","</head>\\n\\","<body>\\n\\","<!-- utility2-comment\\n\\","<div id=\"ajaxProgressDiv1\" style=\"background: #d00; height: 2px; left: 0; margin: 0; padding: 0; position: fixed; top: 0; transition: background 0.5s, width 1.5s; width: 25%;\"></div>\\n\\","utility2-comment -->\\n\\","<h1>\\n\\","<!-- utility2-comment\\n\\","    <a\\n\\","        {{#if env.npm_package_homepage}}\\n\\","        href=\"{{env.npm_package_homepage}}\"\\n\\","        {{/if env.npm_package_homepage}}\\n\\","        target=\"_blank\"\\n\\","    >\\n\\","utility2-comment -->\\n\\","        {{env.npm_package_name}} (v{{env.npm_package_version}})\\n\\","<!-- utility2-comment\\n\\","    </a>\\n\\","utility2-comment -->\\n\\","</h1>\\n\\","<h3>{{env.npm_package_description}}</h3>\\n\\","<!-- utility2-comment\\n\\","<h4><a download href=\"assets.app.js\">download standalone app</a></h4>\\n\\","<button class=\"onclick onreset\" id=\"testRunButton1\">run internal test</button><br>\\n\\","<div id=\"testReportDiv1\" style=\"display: none;\"></div>\\n\\","utility2-comment -->\\n\\","\\n\\","\\n\\","\\n\\","<label>stderr and stdout</label>\\n\\","<textarea class=\"resettable\" id=\"outputTextareaStdout1\" readonly></textarea>\\n\\","<!-- utility2-comment\\n\\","{{#if isRollup}}\\n\\","<script src=\"assets.app.js\"></script>\\n\\","{{#unless isRollup}}\\n\\","utility2-comment -->\\n\\","<script src=\"assets.utility2.rollup.js\"></script>\\n\\","<script src=\"jsonp.utility2._stateInit?callback=window.utility2._stateInit\"></script>\\n\\","<script src=\"assets.npmtest_sortablejs.rollup.js\"></script>\\n\\","<script src=\"assets.example.js\"></script>\\n\\","<script src=\"assets.test.js\"></script>\\n\\","<!-- utility2-comment\\n\\","{{/if isRollup}}\\n\\","utility2-comment -->\\n\\","<div class=\"utility2FooterDiv\">\\n\\","    [ this app was created with\\n\\","    <a href=\"https://github.com/kaizhu256/node-utility2\" target=\"_blank\">utility2</a>\\n\\","    ]\\n\\","</div>\\n\\","</body>\\n\\","</html>\\n\\","';","        /* jslint-ignore-end */","        if (local.templateRender) {","            local.assetsDict['/'] = local.templateRender(","                local.assetsDict['/assets.index.template.html'],","                {","                    env: local.objectSetDefault(local.env, {","                        npm_package_description: 'the greatest app in the world!',","                        npm_package_name: 'my-app',","                        npm_package_nameAlias: 'my_app',","                        npm_package_version: '0.0.1'","                    })","                }","            );","        } else {","            local.assetsDict['/'] = local.assetsDict['/assets.index.template.html']","                .replace((/\\{\\{env\\.(\\w+?)\\}\\}/g), function (match0, match1) {","                    // jslint-hack","                    String(match0);","                    switch (match1) {","                    case 'npm_package_description':","                        return 'the greatest app in the world!';","                    case 'npm_package_name':","                        return 'my-app';","                    case 'npm_package_nameAlias':","                        return 'my_app';","                    case 'npm_package_version':","                        return '0.0.1';","                    }","                });","        }","        // run the cli","        if (local.global.utility2_rollup || module !== require.main) {","            break;","        }","        local.assetsDict['/assets.example.js'] =","            local.assetsDict['/assets.example.js'] ||","            local.fs.readFileSync(__filename, 'utf8');","        // bug-workaround - long $npm_package_buildCustomOrg","        /* jslint-ignore-begin */","        local.assetsDict['/assets.npmtest_sortablejs.rollup.js'] =","            local.assetsDict['/assets.npmtest_sortablejs.rollup.js'] ||","            local.fs.readFileSync(","                local.npmtest_sortablejs.__dirname + '/lib.npmtest_sortablejs.js',","                'utf8'","            ).replace((/^#!/), '//');","        /* jslint-ignore-end */","        local.assetsDict['/favicon.ico'] = local.assetsDict['/favicon.ico'] || '';","        // if $npm_config_timeout_exit exists,","        // then exit this process after $npm_config_timeout_exit ms","        if (Number(process.env.npm_config_timeout_exit)) {","            setTimeout(process.exit, Number(process.env.npm_config_timeout_exit));","        }","        // start server","        if (local.global.utility2_serverHttp1) {","            break;","        }","        process.env.PORT = process.env.PORT || '8081';","        console.error('server starting on port ' + process.env.PORT);","        local.http.createServer(function (request, response) {","            request.urlParsed = local.url.parse(request.url);","            if (local.assetsDict[request.urlParsed.pathname] !== undefined) {","                response.end(local.assetsDict[request.urlParsed.pathname]);","                return;","            }","            response.statusCode = 404;","            response.end();","        }).listen(process.env.PORT);","        break;","    }","}());",""],"l":{"26":2,"28":2,"33":2,"35":2,"37":2,"38":2,"39":2,"44":1,"51":2,"55":2,"59":2,"61":2,"69":1,"70":2,"76":2,"79":2,"82":2,"83":2,"85":1,"89":2,"92":1,"93":1,"94":1,"96":1,"97":1,"100":1,"101":1,"103":1,"106":1,"108":2,"114":1,"116":1,"118":1,"123":1,"124":2,"125":2,"126":3,"127":3,"128":3,"129":3,"130":1,"133":3,"134":3,"139":3,"143":1,"144":3,"145":1,"149":1,"150":1,"158":1,"160":1,"161":1,"162":1,"164":1,"166":1,"258":1,"259":1,"271":1,"274":6,"275":6,"277":1,"279":2,"281":1,"283":2,"288":1,"289":1,"291":1,"296":1,"303":1,"306":1,"307":1,"310":1,"311":1,"313":1,"314":1,"315":1,"316":1,"317":1,"318":1,"319":1,"321":1,"322":1,"324":1}},"/home/travis/build/npmtest/node-npmtest-sortablejs/node_modules/sortablejs/Sortable.js":{"path":"/home/travis/build/npmtest/node-npmtest-sortablejs/node_modules/sortablejs/Sortable.js","s":{"1":1,"2":1,"3":0,"4":1,"5":1,"6":0,"7":1,"8":1,"9":0,"10":0,"11":0,"12":0,"13":0,"14":0,"15":0,"16":0,"17":0,"18":0,"19":0,"20":0,"21":0,"22":0,"23":0,"24":0,"25":0,"26":0,"27":0,"28":0,"29":0,"30":0,"31":0,"32":0,"33":0,"34":0,"35":0,"36":0,"37":0,"38":0,"39":0,"40":0,"41":0,"42":0,"43":0,"44":0,"45":0,"46":0,"47":0,"48":0,"49":0,"50":0,"51":1,"52":0,"53":0,"54":0,"55":0,"56":0,"57":0,"58":0,"59":0,"60":0,"61":0,"62":0,"63":0,"64":0,"65":0,"66":0,"67":0,"68":1,"69":0,"70":0,"71":0,"72":0,"73":0,"74":0,"75":0,"76":0,"77":0,"78":0,"79":0,"80":0,"81":0,"82":0,"83":0,"84":0,"85":0,"86":0,"87":0,"88":0,"89":0,"90":0,"91":0,"92":0,"93":0,"94":0,"95":0,"96":0,"97":0,"98":0,"99":0,"100":0,"101":0,"102":0,"103":0,"104":0,"105":0,"106":0,"107":0,"108":0,"109":0,"110":0,"111":0,"112":0,"113":0,"114":0,"115":0,"116":0,"117":0,"118":0,"119":0,"120":0,"121":0,"122":0,"123":0,"124":0,"125":0,"126":0,"127":0,"128":0,"129":0,"130":0,"131":0,"132":0,"133":0,"134":0,"135":0,"136":0,"137":0,"138":0,"139":0,"140":0,"141":0,"142":0,"143":0,"144":0,"145":0,"146":0,"147":0,"148":0,"149":0,"150":0,"151":0,"152":0,"153":0,"154":0,"155":0,"156":0,"157":0,"158":0,"159":0,"160":0,"161":0,"162":0,"163":0,"164":0,"165":0,"166":0,"167":0,"168":0,"169":0,"170":0,"171":0,"172":0,"173":0,"174":0,"175":0,"176":0,"177":0,"178":0,"179":0,"180":0,"181":0,"182":0,"183":0,"184":0,"185":0,"186":0,"187":0,"188":0,"189":0,"190":0,"191":0,"192":0,"193":0,"194":0,"195":0,"196":0,"197":0,"198":0,"199":0,"200":0,"201":0,"202":0,"203":0,"204":0,"205":0,"206":0,"207":0,"208":0,"209":0,"210":0,"211":0,"212":0,"213":0,"214":0,"215":0,"216":0,"217":0,"218":0,"219":0,"220":0,"221":0,"222":0,"223":0,"224":0,"225":0,"226":0,"227":0,"228":0,"229":0,"230":0,"231":0,"232":0,"233":0,"234":0,"235":0,"236":0,"237":0,"238":0,"239":0,"240":0,"241":0,"242":0,"243":0,"244":0,"245":0,"246":0,"247":0,"248":0,"249":0,"250":0,"251":0,"252":0,"253":0,"254":0,"255":0,"256":0,"257":0,"258":0,"259":0,"260":0,"261":0,"262":0,"263":0,"264":0,"265":0,"266":0,"267":0,"268":0,"269":0,"270":0,"271":0,"272":0,"273":0,"274":0,"275":0,"276":0,"277":0,"278":0,"279":0,"280":0,"281":0,"282":0,"283":0,"284":0,"285":0,"286":0,"287":0,"288":0,"289":0,"290":0,"291":0,"292":0,"293":0,"294":0,"295":0,"296":0,"297":0,"298":0,"299":0,"300":0,"301":0,"302":0,"303":0,"304":0,"305":0,"306":0,"307":0,"308":0,"309":0,"310":0,"311":0,"312":0,"313":0,"314":0,"315":0,"316":0,"317":0,"318":0,"319":0,"320":0,"321":0,"322":0,"323":0,"324":0,"325":0,"326":0,"327":0,"328":0,"329":0,"330":0,"331":0,"332":0,"333":0,"334":0,"335":0,"336":0,"337":0,"338":0,"339":0,"340":0,"341":0,"342":0,"343":0,"344":0,"345":0,"346":0,"347":0,"348":0,"349":0,"350":0,"351":0,"352":0,"353":0,"354":0,"355":0,"356":0,"357":0,"358":0,"359":0,"360":0,"361":0,"362":0,"363":0,"364":0,"365":0,"366":0,"367":0,"368":0,"369":0,"370":0,"371":0,"372":0,"373":0,"374":0,"375":0,"376":0,"377":0,"378":0,"379":0,"380":0,"381":0,"382":0,"383":0,"384":0,"385":0,"386":0,"387":0,"388":0,"389":0,"390":0,"391":0,"392":0,"393":0,"394":0,"395":0,"396":0,"397":0,"398":0,"399":0,"400":0,"401":0,"402":0,"403":0,"404":0,"405":0,"406":0,"407":0,"408":0,"409":0,"410":0,"411":0,"412":0,"413":0,"414":0,"415":0,"416":0,"417":0,"418":0,"419":0,"420":0,"421":0,"422":0,"423":0,"424":0,"425":0,"426":0,"427":0,"428":0,"429":0,"430":0,"431":0,"432":0,"433":0,"434":0,"435":0,"436":0,"437":0,"438":1,"439":0,"440":0,"441":0,"442":0,"443":0,"444":0,"445":0,"446":0,"447":0,"448":0,"449":0,"450":1,"451":0,"452":0,"453":0,"454":0,"455":0,"456":0,"457":1,"458":0,"459":0,"460":1,"461":0,"462":0,"463":0,"464":1,"465":0,"466":1,"467":0,"468":1,"469":0,"470":0,"471":0,"472":0,"473":0,"474":1,"475":0,"476":0,"477":0,"478":0,"479":0,"480":0,"481":0,"482":0,"483":0,"484":0,"485":0,"486":1,"487":0,"488":0,"489":0,"490":0,"491":0,"492":0,"493":0,"494":1,"495":0,"496":0,"497":0,"498":0,"499":0,"500":0,"501":0,"502":0,"503":0,"504":0,"505":0,"506":0,"507":1,"508":0,"509":0,"510":0,"511":0,"512":0,"513":0,"514":0,"515":0,"516":0,"517":0,"518":0,"519":0,"520":0,"521":1,"522":0,"523":1,"524":0,"525":1,"526":0,"527":0,"528":1,"529":0,"530":0,"531":0,"532":0,"533":1,"534":0,"535":0,"536":0,"537":0,"538":0,"539":0,"540":0,"541":1,"542":0,"543":0,"544":0,"545":0,"546":0,"547":1,"548":0,"549":0,"550":0,"551":0,"552":0,"553":0,"554":0,"555":0,"556":0,"557":0,"558":1,"559":0,"560":0,"561":0,"562":0,"563":0,"564":1,"565":0,"566":1,"567":0,"568":0,"569":0,"570":0,"571":0,"572":0,"573":0,"574":0,"575":0,"576":0,"577":0,"578":0,"579":0,"580":0,"581":0,"582":0,"583":0},"b":{"1":[0,1],"2":[1,0],"3":[1,0],"4":[1,1],"5":[1,0],"6":[1,0],"7":[0,0],"8":[0,0],"9":[0,0],"10":[0,0],"11":[0,0],"12":[0,0],"13":[0,0],"14":[0,0],"15":[0,0],"16":[0,0],"17":[0,0],"18":[0,0,0],"19":[0,0],"20":[0,0,0],"21":[0,0],"22":[0,0],"23":[0,0],"24":[0,0],"25":[0,0],"26":[0,0],"27":[0,0],"28":[0,0],"29":[0,0],"30":[0,0],"31":[0,0],"32":[0,0],"33":[0,0],"34":[0,0],"35":[0,0,0],"36":[0,0],"37":[0,0],"38":[0,0],"39":[0,0],"40":[0,0],"41":[0,0],"42":[0,0],"43":[0,0],"44":[0,0],"45":[0,0,0],"46":[0,0],"47":[0,0],"48":[0,0,0],"49":[0,0],"50":[0,0],"51":[0,0],"52":[0,0],"53":[0,0],"54":[0,0],"55":[0,0],"56":[0,0],"57":[0,0],"58":[0,0],"59":[0,0],"60":[0,0],"61":[0,0,0],"62":[0,0],"63":[0,0],"64":[0,0],"65":[0,0],"66":[0,0],"67":[0,0],"68":[0,0],"69":[0,0],"70":[0,0],"71":[0,0],"72":[0,0],"73":[0,0],"74":[0,0],"75":[0,0],"76":[0,0],"77":[0,0],"78":[0,0],"79":[0,0],"80":[0,0],"81":[0,0],"82":[0,0],"83":[0,0],"84":[0,0],"85":[0,0],"86":[0,0,0],"87":[0,0],"88":[0,0],"89":[0,0],"90":[0,0],"91":[0,0],"92":[0,0],"93":[0,0],"94":[0,0],"95":[0,0],"96":[0,0,0,0,0],"97":[0,0],"98":[0,0],"99":[0,0,0],"100":[0,0],"101":[0,0],"102":[0,0],"103":[0,0],"104":[0,0],"105":[0,0],"106":[0,0],"107":[0,0],"108":[0,0,0,0],"109":[0,0],"110":[0,0],"111":[0,0],"112":[0,0],"113":[0,0],"114":[0,0],"115":[0,0,0,0],"116":[0,0],"117":[0,0,0],"118":[0,0],"119":[0,0],"120":[0,0],"121":[0,0],"122":[0,0],"123":[0,0],"124":[0,0,0,0],"125":[0,0],"126":[0,0],"127":[0,0],"128":[0,0,0,0],"129":[0,0],"130":[0,0],"131":[0,0],"132":[0,0],"133":[0,0],"134":[0,0],"135":[0,0],"136":[0,0],"137":[0,0],"138":[0,0],"139":[0,0],"140":[0,0],"141":[0,0],"142":[0,0],"143":[0,0],"144":[0,0],"145":[0,0],"146":[0,0],"147":[0,0],"148":[0,0],"149":[0,0],"150":[0,0],"151":[0,0],"152":[0,0,0,0,0],"153":[0,0],"154":[0,0],"155":[0,0],"156":[0,0],"157":[0,0],"158":[0,0],"159":[0,0],"160":[0,0],"161":[0,0],"162":[0,0],"163":[0,0],"164":[0,0],"165":[0,0],"166":[0,0],"167":[0,0],"168":[0,0],"169":[0,0],"170":[0,0],"171":[0,0],"172":[0,0],"173":[0,0,0],"174":[0,0],"175":[0,0],"176":[0,0],"177":[0,0],"178":[0,0],"179":[0,0],"180":[0,0],"181":[0,0],"182":[0,0],"183":[0,0],"184":[0,0],"185":[0,0],"186":[0,0],"187":[0,0],"188":[0,0],"189":[0,0],"190":[0,0],"191":[0,0],"192":[0,0],"193":[0,0],"194":[0,0],"195":[0,0],"196":[0,0],"197":[0,0],"198":[0,0],"199":[0,0,0],"200":[0,0],"201":[0,0],"202":[0,0],"203":[0,0],"204":[0,0,0],"205":[0,0],"206":[0,0,0,0],"207":[0,0],"208":[0,0],"209":[0,0],"210":[0,0],"211":[0,0],"212":[0,0],"213":[0,0],"214":[0,0],"215":[0,0],"216":[0,0],"217":[0,0]},"f":{"1":1,"2":1,"3":0,"4":0,"5":0,"6":0,"7":0,"8":0,"9":0,"10":0,"11":0,"12":0,"13":0,"14":0,"15":0,"16":0,"17":0,"18":0,"19":0,"20":0,"21":0,"22":0,"23":0,"24":0,"25":0,"26":0,"27":0,"28":0,"29":0,"30":0,"31":0,"32":0,"33":0,"34":0,"35":0,"36":0,"37":0,"38":0,"39":0,"40":0,"41":0,"42":0,"43":0,"44":0,"45":0,"46":0,"47":0,"48":0,"49":0,"50":0,"51":0,"52":0,"53":0,"54":0,"55":0,"56":0,"57":0,"58":0,"59":0,"60":0,"61":0,"62":0,"63":0,"64":0,"65":0,"66":0,"67":0,"68":0},"fnMap":{"1":{"name":"sortableModule","line":7,"loc":{"start":{"line":7,"column":1},"end":{"line":7,"column":34}}},"2":{"name":"sortableFactory","line":20,"loc":{"start":{"line":20,"column":3},"end":{"line":20,"column":30}}},"3":{"name":"sortableError","line":24,"loc":{"start":{"line":24,"column":9},"end":{"line":24,"column":34}}},"4":{"name":"(anonymous_4)","line":74,"loc":{"start":{"line":74,"column":29},"end":{"line":74,"column":43}}},"5":{"name":"(anonymous_5)","line":92,"loc":{"start":{"line":92,"column":26},"end":{"line":92,"column":95}}},"6":{"name":"(anonymous_6)","line":159,"loc":{"start":{"line":159,"column":35},"end":{"line":159,"column":47}}},"7":{"name":"(anonymous_7)","line":179,"loc":{"start":{"line":179,"column":18},"end":{"line":179,"column":37}}},"8":{"name":"toFn","line":180,"loc":{"start":{"line":180,"column":3},"end":{"line":180,"column":30}}},"9":{"name":"(anonymous_9)","line":188,"loc":{"start":{"line":188,"column":12},"end":{"line":188,"column":32}}},"10":{"name":"Sortable","line":223,"loc":{"start":{"line":223,"column":1},"end":{"line":223,"column":32}}},"11":{"name":"(anonymous_11)","line":253,"loc":{"start":{"line":253,"column":12},"end":{"line":253,"column":44}}},"12":{"name":"(anonymous_12)","line":305,"loc":{"start":{"line":305,"column":15},"end":{"line":305,"column":53}}},"13":{"name":"(anonymous_13)","line":353,"loc":{"start":{"line":353,"column":36},"end":{"line":353,"column":56}}},"14":{"name":"(anonymous_14)","line":376,"loc":{"start":{"line":376,"column":21},"end":{"line":376,"column":118}}},"15":{"name":"(anonymous_15)","line":399,"loc":{"start":{"line":399,"column":18},"end":{"line":399,"column":30}}},"16":{"name":"(anonymous_16)","line":418,"loc":{"start":{"line":418,"column":38},"end":{"line":418,"column":58}}},"17":{"name":"(anonymous_17)","line":448,"loc":{"start":{"line":448,"column":23},"end":{"line":448,"column":35}}},"18":{"name":"(anonymous_18)","line":460,"loc":{"start":{"line":460,"column":21},"end":{"line":460,"column":67}}},"19":{"name":"(anonymous_19)","line":484,"loc":{"start":{"line":484,"column":16},"end":{"line":484,"column":28}}},"20":{"name":"(anonymous_20)","line":494,"loc":{"start":{"line":494,"column":16},"end":{"line":494,"column":28}}},"21":{"name":"(anonymous_21)","line":511,"loc":{"start":{"line":511,"column":20},"end":{"line":511,"column":32}}},"22":{"name":"(anonymous_22)","line":556,"loc":{"start":{"line":556,"column":16},"end":{"line":556,"column":46}}},"23":{"name":"(anonymous_23)","line":592,"loc":{"start":{"line":592,"column":16},"end":{"line":592,"column":28}}},"24":{"name":"(anonymous_24)","line":623,"loc":{"start":{"line":623,"column":16},"end":{"line":623,"column":66}}},"25":{"name":"(anonymous_25)","line":671,"loc":{"start":{"line":671,"column":15},"end":{"line":671,"column":40}}},"26":{"name":"(anonymous_26)","line":824,"loc":{"start":{"line":824,"column":12},"end":{"line":824,"column":40}}},"27":{"name":"(anonymous_27)","line":846,"loc":{"start":{"line":846,"column":33},"end":{"line":846,"column":45}}},"28":{"name":"(anonymous_28)","line":854,"loc":{"start":{"line":854,"column":16},"end":{"line":854,"column":28}}},"29":{"name":"(anonymous_29)","line":866,"loc":{"start":{"line":866,"column":11},"end":{"line":866,"column":36}}},"30":{"name":"(anonymous_30)","line":955,"loc":{"start":{"line":955,"column":12},"end":{"line":955,"column":23}}},"31":{"name":"(anonymous_31)","line":980,"loc":{"start":{"line":980,"column":29},"end":{"line":980,"column":43}}},"32":{"name":"(anonymous_32)","line":986,"loc":{"start":{"line":986,"column":15},"end":{"line":986,"column":40}}},"33":{"name":"(anonymous_33)","line":1012,"loc":{"start":{"line":1012,"column":11},"end":{"line":1012,"column":23}}},"34":{"name":"(anonymous_34)","line":1035,"loc":{"start":{"line":1035,"column":8},"end":{"line":1035,"column":25}}},"35":{"name":"(anonymous_35)","line":1038,"loc":{"start":{"line":1038,"column":26},"end":{"line":1038,"column":43}}},"36":{"name":"(anonymous_36)","line":1046,"loc":{"start":{"line":1046,"column":17},"end":{"line":1046,"column":31}}},"37":{"name":"(anonymous_37)","line":1058,"loc":{"start":{"line":1058,"column":8},"end":{"line":1058,"column":20}}},"38":{"name":"(anonymous_38)","line":1070,"loc":{"start":{"line":1070,"column":11},"end":{"line":1070,"column":35}}},"39":{"name":"(anonymous_39)","line":1081,"loc":{"start":{"line":1081,"column":10},"end":{"line":1081,"column":33}}},"40":{"name":"(anonymous_40)","line":1099,"loc":{"start":{"line":1099,"column":11},"end":{"line":1099,"column":23}}},"41":{"name":"(anonymous_41)","line":1114,"loc":{"start":{"line":1114,"column":68},"end":{"line":1114,"column":82}}},"42":{"name":"_cloneHide","line":1127,"loc":{"start":{"line":1127,"column":1},"end":{"line":1127,"column":38}}},"43":{"name":"_closest","line":1151,"loc":{"start":{"line":1151,"column":1},"end":{"line":1151,"column":81}}},"44":{"name":"_getParentOrHost","line":1167,"loc":{"start":{"line":1167,"column":1},"end":{"line":1167,"column":31}}},"45":{"name":"_globalDragOver","line":1174,"loc":{"start":{"line":1174,"column":1},"end":{"line":1174,"column":41}}},"46":{"name":"_on","line":1182,"loc":{"start":{"line":1182,"column":1},"end":{"line":1182,"column":29}}},"47":{"name":"_off","line":1187,"loc":{"start":{"line":1187,"column":1},"end":{"line":1187,"column":30}}},"48":{"name":"_toggleClass","line":1192,"loc":{"start":{"line":1192,"column":1},"end":{"line":1192,"column":40}}},"49":{"name":"_css","line":1205,"loc":{"start":{"line":1205,"column":1},"end":{"line":1205,"column":30}}},"50":{"name":"_find","line":1230,"loc":{"start":{"line":1230,"column":1},"end":{"line":1230,"column":40}}},"51":{"name":"_dispatchEvent","line":1248,"loc":{"start":{"line":1248,"column":1},"end":{"line":1248,"column":89}}},"52":{"name":"_onMove","line":1273,"loc":{"start":{"line":1273,"column":1},"end":{"line":1273,"column":85}}},"53":{"name":"_disableDraggable","line":1299,"loc":{"start":{"line":1299,"column":1},"end":{"line":1299,"column":32}}},"54":{"name":"_unsilent","line":1304,"loc":{"start":{"line":1304,"column":1},"end":{"line":1304,"column":22}}},"55":{"name":"_ghostIsLast","line":1310,"loc":{"start":{"line":1310,"column":1},"end":{"line":1310,"column":32}}},"56":{"name":"_generateId","line":1329,"loc":{"start":{"line":1329,"column":1},"end":{"line":1329,"column":26}}},"57":{"name":"_index","line":1348,"loc":{"start":{"line":1348,"column":1},"end":{"line":1348,"column":31}}},"58":{"name":"_matches","line":1364,"loc":{"start":{"line":1364,"column":1},"end":{"line":1364,"column":60}}},"59":{"name":"_throttle","line":1380,"loc":{"start":{"line":1380,"column":1},"end":{"line":1380,"column":34}}},"60":{"name":"(anonymous_60)","line":1383,"loc":{"start":{"line":1383,"column":9},"end":{"line":1383,"column":21}}},"61":{"name":"(anonymous_61)","line":1388,"loc":{"start":{"line":1388,"column":15},"end":{"line":1388,"column":27}}},"62":{"name":"_extend","line":1401,"loc":{"start":{"line":1401,"column":1},"end":{"line":1401,"column":28}}},"63":{"name":"_clone","line":1413,"loc":{"start":{"line":1413,"column":1},"end":{"line":1413,"column":21}}},"64":{"name":"_saveInputCheckedState","line":1422,"loc":{"start":{"line":1422,"column":1},"end":{"line":1422,"column":39}}},"65":{"name":"(anonymous_65)","line":1433,"loc":{"start":{"line":1433,"column":28},"end":{"line":1433,"column":43}}},"66":{"name":"(anonymous_66)","line":1441,"loc":{"start":{"line":1441,"column":8},"end":{"line":1441,"column":20}}},"67":{"name":"(anonymous_67)","line":1456,"loc":{"start":{"line":1456,"column":6},"end":{"line":1456,"column":30}}},"68":{"name":"(anonymous_68)","line":1473,"loc":{"start":{"line":1473,"column":19},"end":{"line":1473,"column":42}}}},"statementMap":{"1":{"start":{"line":7,"column":0},"end":{"line":1481,"column":3}},"2":{"start":{"line":10,"column":1},"end":{"line":19,"column":2}},"3":{"start":{"line":11,"column":2},"end":{"line":11,"column":18}},"4":{"start":{"line":13,"column":6},"end":{"line":19,"column":2}},"5":{"start":{"line":14,"column":2},"end":{"line":14,"column":29}},"6":{"start":{"line":18,"column":2},"end":{"line":18,"column":33}},"7":{"start":{"line":23,"column":1},"end":{"line":27,"column":2}},"8":{"start":{"line":24,"column":2},"end":{"line":26,"column":4}},"9":{"start":{"line":25,"column":3},"end":{"line":25,"column":68}},"10":{"start":{"line":29,"column":1},"end":{"line":215,"column":2}},"11":{"start":{"line":76,"column":3},"end":{"line":78,"column":4}},"12":{"start":{"line":77,"column":4},"end":{"line":77,"column":17}},"13":{"start":{"line":79,"column":3},"end":{"line":79,"column":36}},"14":{"start":{"line":80,"column":3},"end":{"line":80,"column":44}},"15":{"start":{"line":81,"column":3},"end":{"line":81,"column":44}},"16":{"start":{"line":94,"column":3},"end":{"line":176,"column":4}},"17":{"start":{"line":95,"column":4},"end":{"line":112,"column":5}},"18":{"start":{"line":115,"column":4},"end":{"line":132,"column":5}},"19":{"start":{"line":116,"column":5},"end":{"line":116,"column":31}},"20":{"start":{"line":117,"column":5},"end":{"line":117,"column":29}},"21":{"start":{"line":118,"column":5},"end":{"line":118,"column":39}},"22":{"start":{"line":120,"column":5},"end":{"line":131,"column":6}},"23":{"start":{"line":121,"column":6},"end":{"line":121,"column":24}},"24":{"start":{"line":123,"column":6},"end":{"line":130,"column":47}},"25":{"start":{"line":124,"column":7},"end":{"line":128,"column":8}},"26":{"start":{"line":127,"column":8},"end":{"line":127,"column":14}},"27":{"start":{"line":134,"column":4},"end":{"line":139,"column":5}},"28":{"start":{"line":135,"column":5},"end":{"line":135,"column":19}},"29":{"start":{"line":136,"column":5},"end":{"line":136,"column":45}},"30":{"start":{"line":137,"column":5},"end":{"line":137,"column":71}},"31":{"start":{"line":138,"column":5},"end":{"line":138,"column":71}},"32":{"start":{"line":142,"column":4},"end":{"line":148,"column":5}},"33":{"start":{"line":143,"column":5},"end":{"line":143,"column":47}},"34":{"start":{"line":144,"column":5},"end":{"line":144,"column":48}},"35":{"start":{"line":147,"column":5},"end":{"line":147,"column":30}},"36":{"start":{"line":151,"column":4},"end":{"line":175,"column":5}},"37":{"start":{"line":152,"column":5},"end":{"line":152,"column":24}},"38":{"start":{"line":153,"column":5},"end":{"line":153,"column":24}},"39":{"start":{"line":154,"column":5},"end":{"line":154,"column":24}},"40":{"start":{"line":156,"column":5},"end":{"line":156,"column":35}},"41":{"start":{"line":158,"column":5},"end":{"line":174,"column":6}},"42":{"start":{"line":159,"column":6},"end":{"line":173,"column":13}},"43":{"start":{"line":160,"column":7},"end":{"line":160,"column":43}},"44":{"start":{"line":161,"column":7},"end":{"line":161,"column":43}},"45":{"start":{"line":163,"column":7},"end":{"line":165,"column":8}},"46":{"start":{"line":164,"column":8},"end":{"line":164,"column":77}},"47":{"start":{"line":167,"column":7},"end":{"line":172,"column":8}},"48":{"start":{"line":168,"column":8},"end":{"line":168,"column":87}},"49":{"start":{"line":170,"column":8},"end":{"line":170,"column":38}},"50":{"start":{"line":171,"column":8},"end":{"line":171,"column":39}},"51":{"start":{"line":180,"column":3},"end":{"line":199,"column":4}},"52":{"start":{"line":181,"column":4},"end":{"line":183,"column":5}},"53":{"start":{"line":182,"column":5},"end":{"line":182,"column":24}},"54":{"start":{"line":185,"column":4},"end":{"line":198,"column":5}},"55":{"start":{"line":186,"column":5},"end":{"line":186,"column":18}},"56":{"start":{"line":188,"column":5},"end":{"line":197,"column":7}},"57":{"start":{"line":189,"column":6},"end":{"line":189,"column":46}},"58":{"start":{"line":191,"column":6},"end":{"line":196,"column":9}},"59":{"start":{"line":201,"column":3},"end":{"line":201,"column":18}},"60":{"start":{"line":202,"column":3},"end":{"line":202,"column":37}},"61":{"start":{"line":204,"column":3},"end":{"line":206,"column":4}},"62":{"start":{"line":205,"column":4},"end":{"line":205,"column":42}},"63":{"start":{"line":208,"column":3},"end":{"line":208,"column":35}},"64":{"start":{"line":209,"column":3},"end":{"line":209,"column":52}},"65":{"start":{"line":210,"column":3},"end":{"line":210,"column":44}},"66":{"start":{"line":211,"column":3},"end":{"line":211,"column":49}},"67":{"start":{"line":213,"column":3},"end":{"line":213,"column":25}},"68":{"start":{"line":223,"column":1},"end":{"line":299,"column":2}},"69":{"start":{"line":224,"column":2},"end":{"line":226,"column":3}},"70":{"start":{"line":225,"column":3},"end":{"line":225,"column":79}},"71":{"start":{"line":228,"column":2},"end":{"line":228,"column":15}},"72":{"start":{"line":229,"column":2},"end":{"line":229,"column":48}},"73":{"start":{"line":233,"column":2},"end":{"line":233,"column":21}},"74":{"start":{"line":236,"column":2},"end":{"line":265,"column":4}},"75":{"start":{"line":254,"column":4},"end":{"line":254,"column":53}},"76":{"start":{"line":269,"column":2},"end":{"line":271,"column":3}},"77":{"start":{"line":270,"column":3},"end":{"line":270,"column":58}},"78":{"start":{"line":273,"column":2},"end":{"line":273,"column":25}},"79":{"start":{"line":276,"column":2},"end":{"line":280,"column":3}},"80":{"start":{"line":277,"column":3},"end":{"line":279,"column":4}},"81":{"start":{"line":278,"column":4},"end":{"line":278,"column":35}},"82":{"start":{"line":283,"column":2},"end":{"line":283,"column":74}},"83":{"start":{"line":286,"column":2},"end":{"line":286,"column":41}},"84":{"start":{"line":287,"column":2},"end":{"line":287,"column":42}},"85":{"start":{"line":288,"column":2},"end":{"line":288,"column":43}},"86":{"start":{"line":290,"column":2},"end":{"line":293,"column":3}},"87":{"start":{"line":291,"column":3},"end":{"line":291,"column":29}},"88":{"start":{"line":292,"column":3},"end":{"line":292,"column":30}},"89":{"start":{"line":295,"column":2},"end":{"line":295,"column":48}},"90":{"start":{"line":298,"column":2},"end":{"line":298,"column":54}},"91":{"start":{"line":302,"column":1},"end":{"line":1124,"column":3}},"92":{"start":{"line":306,"column":3},"end":{"line":315,"column":15}},"93":{"start":{"line":317,"column":3},"end":{"line":317,"column":30}},"94":{"start":{"line":321,"column":3},"end":{"line":323,"column":4}},"95":{"start":{"line":322,"column":4},"end":{"line":322,"column":11}},"96":{"start":{"line":325,"column":3},"end":{"line":327,"column":4}},"97":{"start":{"line":326,"column":4},"end":{"line":326,"column":11}},"98":{"start":{"line":330,"column":3},"end":{"line":330,"column":52}},"99":{"start":{"line":332,"column":3},"end":{"line":334,"column":4}},"100":{"start":{"line":333,"column":4},"end":{"line":333,"column":11}},"101":{"start":{"line":336,"column":3},"end":{"line":339,"column":4}},"102":{"start":{"line":338,"column":4},"end":{"line":338,"column":11}},"103":{"start":{"line":342,"column":3},"end":{"line":342,"column":50}},"104":{"start":{"line":345,"column":3},"end":{"line":366,"column":4}},"105":{"start":{"line":346,"column":4},"end":{"line":350,"column":5}},"106":{"start":{"line":347,"column":5},"end":{"line":347,"column":77}},"107":{"start":{"line":348,"column":5},"end":{"line":348,"column":45}},"108":{"start":{"line":349,"column":5},"end":{"line":349,"column":12}},"109":{"start":{"line":352,"column":8},"end":{"line":366,"column":4}},"110":{"start":{"line":353,"column":4},"end":{"line":360,"column":7}},"111":{"start":{"line":354,"column":5},"end":{"line":354,"column":62}},"112":{"start":{"line":356,"column":5},"end":{"line":359,"column":6}},"113":{"start":{"line":357,"column":6},"end":{"line":357,"column":72}},"114":{"start":{"line":358,"column":6},"end":{"line":358,"column":18}},"115":{"start":{"line":362,"column":4},"end":{"line":365,"column":5}},"116":{"start":{"line":363,"column":5},"end":{"line":363,"column":45}},"117":{"start":{"line":364,"column":5},"end":{"line":364,"column":12}},"118":{"start":{"line":368,"column":3},"end":{"line":370,"column":4}},"119":{"start":{"line":369,"column":4},"end":{"line":369,"column":11}},"120":{"start":{"line":373,"column":3},"end":{"line":373,"column":58}},"121":{"start":{"line":377,"column":3},"end":{"line":381,"column":16}},"122":{"start":{"line":383,"column":3},"end":{"line":445,"column":4}},"123":{"start":{"line":384,"column":4},"end":{"line":384,"column":17}},"124":{"start":{"line":386,"column":4},"end":{"line":386,"column":16}},"125":{"start":{"line":387,"column":4},"end":{"line":387,"column":20}},"126":{"start":{"line":388,"column":4},"end":{"line":388,"column":33}},"127":{"start":{"line":389,"column":4},"end":{"line":389,"column":32}},"128":{"start":{"line":390,"column":4},"end":{"line":390,"column":24}},"129":{"start":{"line":391,"column":4},"end":{"line":391,"column":32}},"130":{"start":{"line":392,"column":4},"end":{"line":392,"column":26}},"131":{"start":{"line":394,"column":4},"end":{"line":394,"column":41}},"132":{"start":{"line":395,"column":4},"end":{"line":395,"column":41}},"133":{"start":{"line":397,"column":4},"end":{"line":397,"column":46}},"134":{"start":{"line":399,"column":4},"end":{"line":415,"column":6}},"135":{"start":{"line":402,"column":5},"end":{"line":402,"column":33}},"136":{"start":{"line":405,"column":5},"end":{"line":405,"column":46}},"137":{"start":{"line":408,"column":5},"end":{"line":408,"column":53}},"138":{"start":{"line":411,"column":5},"end":{"line":411,"column":41}},"139":{"start":{"line":414,"column":5},"end":{"line":414,"column":71}},"140":{"start":{"line":418,"column":4},"end":{"line":420,"column":7}},"141":{"start":{"line":419,"column":5},"end":{"line":419,"column":55}},"142":{"start":{"line":422,"column":4},"end":{"line":422,"column":49}},"143":{"start":{"line":423,"column":4},"end":{"line":423,"column":50}},"144":{"start":{"line":424,"column":4},"end":{"line":424,"column":53}},"145":{"start":{"line":425,"column":4},"end":{"line":425,"column":55}},"146":{"start":{"line":426,"column":4},"end":{"line":426,"column":45}},"147":{"start":{"line":428,"column":4},"end":{"line":442,"column":5}},"148":{"start":{"line":432,"column":5},"end":{"line":432,"column":62}},"149":{"start":{"line":433,"column":5},"end":{"line":433,"column":63}},"150":{"start":{"line":434,"column":5},"end":{"line":434,"column":66}},"151":{"start":{"line":435,"column":5},"end":{"line":435,"column":64}},"152":{"start":{"line":436,"column":5},"end":{"line":436,"column":64}},"153":{"start":{"line":437,"column":5},"end":{"line":437,"column":66}},"154":{"start":{"line":439,"column":5},"end":{"line":439,"column":68}},"155":{"start":{"line":441,"column":5},"end":{"line":441,"column":19}},"156":{"start":{"line":449,"column":3},"end":{"line":449,"column":45}},"157":{"start":{"line":451,"column":3},"end":{"line":451,"column":38}},"158":{"start":{"line":452,"column":3},"end":{"line":452,"column":60}},"159":{"start":{"line":453,"column":3},"end":{"line":453,"column":61}},"160":{"start":{"line":454,"column":3},"end":{"line":454,"column":64}},"161":{"start":{"line":455,"column":3},"end":{"line":455,"column":62}},"162":{"start":{"line":456,"column":3},"end":{"line":456,"column":62}},"163":{"start":{"line":457,"column":3},"end":{"line":457,"column":64}},"164":{"start":{"line":461,"column":3},"end":{"line":461,"column":62}},"165":{"start":{"line":463,"column":3},"end":{"line":479,"column":4}},"166":{"start":{"line":465,"column":4},"end":{"line":469,"column":6}},"167":{"start":{"line":471,"column":4},"end":{"line":471,"column":39}},"168":{"start":{"line":473,"column":8},"end":{"line":479,"column":4}},"169":{"start":{"line":474,"column":4},"end":{"line":474,"column":36}},"170":{"start":{"line":477,"column":4},"end":{"line":477,"column":33}},"171":{"start":{"line":478,"column":4},"end":{"line":478,"column":48}},"172":{"start":{"line":481,"column":3},"end":{"line":491,"column":4}},"173":{"start":{"line":482,"column":4},"end":{"line":489,"column":5}},"174":{"start":{"line":484,"column":5},"end":{"line":486,"column":8}},"175":{"start":{"line":485,"column":6},"end":{"line":485,"column":33}},"176":{"start":{"line":488,"column":5},"end":{"line":488,"column":45}},"177":{"start":{"line":495,"column":3},"end":{"line":508,"column":4}},"178":{"start":{"line":496,"column":4},"end":{"line":496,"column":31}},"179":{"start":{"line":499,"column":4},"end":{"line":499,"column":51}},"180":{"start":{"line":500,"column":4},"end":{"line":500,"column":51}},"181":{"start":{"line":502,"column":4},"end":{"line":502,"column":27}},"182":{"start":{"line":505,"column":4},"end":{"line":505,"column":68}},"183":{"start":{"line":507,"column":4},"end":{"line":507,"column":20}},"184":{"start":{"line":512,"column":3},"end":{"line":552,"column":4}},"185":{"start":{"line":513,"column":4},"end":{"line":515,"column":5}},"186":{"start":{"line":514,"column":5},"end":{"line":514,"column":12}},"187":{"start":{"line":517,"column":4},"end":{"line":517,"column":35}},"188":{"start":{"line":518,"column":4},"end":{"line":518,"column":35}},"189":{"start":{"line":520,"column":4},"end":{"line":522,"column":5}},"190":{"start":{"line":521,"column":5},"end":{"line":521,"column":38}},"191":{"start":{"line":524,"column":4},"end":{"line":526,"column":39}},"192":{"start":{"line":528,"column":4},"end":{"line":547,"column":5}},"193":{"start":{"line":529,"column":5},"end":{"line":546,"column":40}},"194":{"start":{"line":530,"column":6},"end":{"line":541,"column":7}},"195":{"start":{"line":531,"column":7},"end":{"line":538,"column":8}},"196":{"start":{"line":532,"column":8},"end":{"line":537,"column":11}},"197":{"start":{"line":540,"column":7},"end":{"line":540,"column":13}},"198":{"start":{"line":543,"column":6},"end":{"line":543,"column":22}},"199":{"start":{"line":549,"column":4},"end":{"line":551,"column":5}},"200":{"start":{"line":550,"column":5},"end":{"line":550,"column":34}},"201":{"start":{"line":557,"column":3},"end":{"line":589,"column":4}},"202":{"start":{"line":558,"column":4},"end":{"line":564,"column":117}},"203":{"start":{"line":567,"column":4},"end":{"line":575,"column":5}},"204":{"start":{"line":568,"column":5},"end":{"line":572,"column":6}},"205":{"start":{"line":571,"column":6},"end":{"line":571,"column":13}},"206":{"start":{"line":574,"column":5},"end":{"line":574,"column":25}},"207":{"s
[...]
,","\t\t\t\toptions = this.options;","","\t\t\tclearInterval(this._loopId);","\t\t\tclearInterval(autoScroll.pid);","\t\t\tclearTimeout(this._dragStartTimer);","","\t\t\t// Unbind events","\t\t\t_off(document, 'mousemove', this._onTouchMove);","","\t\t\tif (this.nativeDraggable) {","\t\t\t\t_off(document, 'drop', this);","\t\t\t\t_off(el, 'dragstart', this._onDragStart);","\t\t\t}","","\t\t\tthis._offUpEvents();","","\t\t\tif (evt) {","\t\t\t\tif (moved) {","\t\t\t\t\tevt.preventDefault();","\t\t\t\t\t!options.dropBubble && evt.stopPropagation();","\t\t\t\t}","","\t\t\t\tghostEl && ghostEl.parentNode.removeChild(ghostEl);","","\t\t\t\tif (rootEl === parentEl || Sortable.active.lastPullMode !== 'clone') {","\t\t\t\t\t// Remove clone","\t\t\t\t\tcloneEl && cloneEl.parentNode.removeChild(cloneEl);","\t\t\t\t}","","\t\t\t\tif (dragEl) {","\t\t\t\t\tif (this.nativeDraggable) {","\t\t\t\t\t\t_off(dragEl, 'dragend', this);","\t\t\t\t\t}","","\t\t\t\t\t_disableDraggable(dragEl);","\t\t\t\t\tdragEl.style['will-change'] = '';","","\t\t\t\t\t// Remove class's","\t\t\t\t\t_toggleClass(dragEl, this.options.ghostClass, false);","\t\t\t\t\t_toggleClass(dragEl, this.options.chosenClass, false);","","\t\t\t\t\tif (rootEl !== parentEl) {","\t\t\t\t\t\tnewIndex = _index(dragEl, options.draggable);","","\t\t\t\t\t\tif (newIndex >= 0) {","\t\t\t\t\t\t\t// Add event","\t\t\t\t\t\t\t_dispatchEvent(null, parentEl, 'add', dragEl, rootEl, oldIndex, newIndex);","","\t\t\t\t\t\t\t// Remove event","\t\t\t\t\t\t\t_dispatchEvent(this, rootEl, 'remove', dragEl, rootEl, oldIndex, newIndex);","","\t\t\t\t\t\t\t// drag from one list and drop into another","\t\t\t\t\t\t\t_dispatchEvent(null, parentEl, 'sort', dragEl, rootEl, oldIndex, newIndex);","\t\t\t\t\t\t\t_dispatchEvent(this, rootEl, 'sort', dragEl, rootEl, oldIndex, newIndex);","\t\t\t\t\t\t}","\t\t\t\t\t}","\t\t\t\t\telse {","\t\t\t\t\t\tif (dragEl.nextSibling !== nextEl) {","\t\t\t\t\t\t\t// Get the index of the dragged element within its parent","\t\t\t\t\t\t\tnewIndex = _index(dragEl, options.draggable);","","\t\t\t\t\t\t\tif (newIndex >= 0) {","\t\t\t\t\t\t\t\t// drag & drop within the same list","\t\t\t\t\t\t\t\t_dispatchEvent(this, rootEl, 'update', dragEl, rootEl, oldIndex, newIndex);","\t\t\t\t\t\t\t\t_dispatchEvent(this, rootEl, 'sort', dragEl, rootEl, oldIndex, newIndex);","\t\t\t\t\t\t\t}","\t\t\t\t\t\t}","\t\t\t\t\t}","","\t\t\t\t\tif (Sortable.active) {","\t\t\t\t\t\t/* jshint eqnull:true */","\t\t\t\t\t\tif (newIndex == null || newIndex === -1) {","\t\t\t\t\t\t\tnewIndex = oldIndex;","\t\t\t\t\t\t}","","\t\t\t\t\t\t_dispatchEvent(this, rootEl, 'end', dragEl, rootEl, oldIndex, newIndex);","","\t\t\t\t\t\t// Save sorting","\t\t\t\t\t\tthis.save();","\t\t\t\t\t}","\t\t\t\t}","","\t\t\t}","","\t\t\tthis._nulling();","\t\t},","","\t\t_nulling: function() {","\t\t\trootEl =","\t\t\tdragEl =","\t\t\tparentEl =","\t\t\tghostEl =","\t\t\tnextEl =","\t\t\tcloneEl =","\t\t\tlastDownEl =","","\t\t\tscrollEl =","\t\t\tscrollParentEl =","","\t\t\ttapEvt =","\t\t\ttouchEvt =","","\t\t\tmoved =","\t\t\tnewIndex =","","\t\t\tlastEl =","\t\t\tlastCSS =","","\t\t\tputSortable =","\t\t\tactiveGroup =","\t\t\tSortable.active = null;","","\t\t\tsavedInputChecked.forEach(function (el) {","\t\t\t\tel.checked = true;","\t\t\t});","\t\t\tsavedInputChecked.length = 0;","\t\t},","","\t\thandleEvent: function (/**Event*/evt) {","\t\t\tswitch (evt.type) {","\t\t\t\tcase 'drop':","\t\t\t\tcase 'dragend':","\t\t\t\t\tthis._onDrop(evt);","\t\t\t\t\tbreak;","","\t\t\t\tcase 'dragover':","\t\t\t\tcase 'dragenter':","\t\t\t\t\tif (dragEl) {","\t\t\t\t\t\tthis._onDragOver(evt);","\t\t\t\t\t\t_globalDragOver(evt);","\t\t\t\t\t}","\t\t\t\t\tbreak;","","\t\t\t\tcase 'selectstart':","\t\t\t\t\tevt.preventDefault();","\t\t\t\t\tbreak;","\t\t\t}","\t\t},","","","\t\t/**","\t\t * Serializes the item into an array of string.","\t\t * @returns {String[]}","\t\t */","\t\ttoArray: function () {","\t\t\tvar order = [],","\t\t\t\tel,","\t\t\t\tchildren = this.el.children,","\t\t\t\ti = 0,","\t\t\t\tn = children.length,","\t\t\t\toptions = this.options;","","\t\t\tfor (; i < n; i++) {","\t\t\t\tel = children[i];","\t\t\t\tif (_closest(el, options.draggable, this.el)) {","\t\t\t\t\torder.push(el.getAttribute(options.dataIdAttr) || _generateId(el));","\t\t\t\t}","\t\t\t}","","\t\t\treturn order;","\t\t},","","","\t\t/**","\t\t * Sorts the elements according to the array.","\t\t * @param  {String[]}  order  order of the items","\t\t */","\t\tsort: function (order) {","\t\t\tvar items = {}, rootEl = this.el;","","\t\t\tthis.toArray().forEach(function (id, i) {","\t\t\t\tvar el = rootEl.children[i];","","\t\t\t\tif (_closest(el, this.options.draggable, rootEl)) {","\t\t\t\t\titems[id] = el;","\t\t\t\t}","\t\t\t}, this);","","\t\t\torder.forEach(function (id) {","\t\t\t\tif (items[id]) {","\t\t\t\t\trootEl.removeChild(items[id]);","\t\t\t\t\trootEl.appendChild(items[id]);","\t\t\t\t}","\t\t\t});","\t\t},","","","\t\t/**","\t\t * Save the current sorting","\t\t */","\t\tsave: function () {","\t\t\tvar store = this.options.store;","\t\t\tstore && store.set(this);","\t\t},","","","\t\t/**","\t\t * For each element in the set, get the first element that matches the selector by testing the element itself and traversing up through its ancestors in the DOM tree.","\t\t * @param   {HTMLElement}  el","\t\t * @param   {String}       [selector]  default: `options.draggable`","\t\t * @returns {HTMLElement|null}","\t\t */","\t\tclosest: function (el, selector) {","\t\t\treturn _closest(el, selector || this.options.draggable, this.el);","\t\t},","","","\t\t/**","\t\t * Set/get option","\t\t * @param   {string} name","\t\t * @param   {*}      [value]","\t\t * @returns {*}","\t\t */","\t\toption: function (name, value) {","\t\t\tvar options = this.options;","","\t\t\tif (value === void 0) {","\t\t\t\treturn options[name];","\t\t\t} else {","\t\t\t\toptions[name] = value;","","\t\t\t\tif (name === 'group') {","\t\t\t\t\t_prepareGroup(options);","\t\t\t\t}","\t\t\t}","\t\t},","","","\t\t/**","\t\t * Destroy","\t\t */","\t\tdestroy: function () {","\t\t\tvar el = this.el;","","\t\t\tel[expando] = null;","","\t\t\t_off(el, 'mousedown', this._onTapStart);","\t\t\t_off(el, 'touchstart', this._onTapStart);","\t\t\t_off(el, 'pointerdown', this._onTapStart);","","\t\t\tif (this.nativeDraggable) {","\t\t\t\t_off(el, 'dragover', this);","\t\t\t\t_off(el, 'dragenter', this);","\t\t\t}","","\t\t\t// Remove draggable attributes","\t\t\tArray.prototype.forEach.call(el.querySelectorAll('[draggable]'), function (el) {","\t\t\t\tel.removeAttribute('draggable');","\t\t\t});","","\t\t\ttouchDragOverListeners.splice(touchDragOverListeners.indexOf(this._onDragOver), 1);","","\t\t\tthis._onDrop();","","\t\t\tthis.el = el = null;","\t\t}","\t};","","","\tfunction _cloneHide(sortable, state) {","\t\tif (sortable.lastPullMode !== 'clone') {","\t\t\tstate = true;","\t\t}","","\t\tif (cloneEl && (cloneEl.state !== state)) {","\t\t\t_css(cloneEl, 'display', state ? 'none' : '');","","\t\t\tif (!state) {","\t\t\t\tif (cloneEl.state) {","\t\t\t\t\tif (sortable.options.group.revertClone) {","\t\t\t\t\t\trootEl.insertBefore(cloneEl, nextEl);","\t\t\t\t\t\tsortable._animate(dragEl, cloneEl);","\t\t\t\t\t} else {","\t\t\t\t\t\trootEl.insertBefore(cloneEl, dragEl);","\t\t\t\t\t}","\t\t\t\t}","\t\t\t}","","\t\t\tcloneEl.state = state;","\t\t}","\t}","","","\tfunction _closest(/**HTMLElement*/el, /**String*/selector, /**HTMLElement*/ctx) {","\t\tif (el) {","\t\t\tctx = ctx || document;","","\t\t\tdo {","\t\t\t\tif ((selector === '>*' && el.parentNode === ctx) || _matches(el, selector)) {","\t\t\t\t\treturn el;","\t\t\t\t}","\t\t\t\t/* jshint boss:true */","\t\t\t} while (el = _getParentOrHost(el));","\t\t}","","\t\treturn null;","\t}","","","\tfunction _getParentOrHost(el) {","\t\tvar parent = el.host;","","\t\treturn (parent && parent.nodeType) ? parent : el.parentNode;","\t}","","","\tfunction _globalDragOver(/**Event*/evt) {","\t\tif (evt.dataTransfer) {","\t\t\tevt.dataTransfer.dropEffect = 'move';","\t\t}","\t\tevt.preventDefault();","\t}","","","\tfunction _on(el, event, fn) {","\t\tel.addEventListener(event, fn, captureMode);","\t}","","","\tfunction _off(el, event, fn) {","\t\tel.removeEventListener(event, fn, captureMode);","\t}","","","\tfunction _toggleClass(el, name, state) {","\t\tif (el) {","\t\t\tif (el.classList) {","\t\t\t\tel.classList[state ? 'add' : 'remove'](name);","\t\t\t}","\t\t\telse {","\t\t\t\tvar className = (' ' + el.className + ' ').replace(R_SPACE, ' ').replace(' ' + name + ' ', ' ');","\t\t\t\tel.className = (className + (state ? ' ' + name : '')).replace(R_SPACE, ' ');","\t\t\t}","\t\t}","\t}","","","\tfunction _css(el, prop, val) {","\t\tvar style = el && el.style;","","\t\tif (style) {","\t\t\tif (val === void 0) {","\t\t\t\tif (document.defaultView && document.defaultView.getComputedStyle) {","\t\t\t\t\tval = document.defaultView.getComputedStyle(el, '');","\t\t\t\t}","\t\t\t\telse if (el.currentStyle) {","\t\t\t\t\tval = el.currentStyle;","\t\t\t\t}","","\t\t\t\treturn prop === void 0 ? val : val[prop];","\t\t\t}","\t\t\telse {","\t\t\t\tif (!(prop in style)) {","\t\t\t\t\tprop = '-webkit-' + prop;","\t\t\t\t}","","\t\t\t\tstyle[prop] = val + (typeof val === 'string' ? '' : 'px');","\t\t\t}","\t\t}","\t}","","","\tfunction _find(ctx, tagName, iterator) {","\t\tif (ctx) {","\t\t\tvar list = ctx.getElementsByTagName(tagName), i = 0, n = list.length;","","\t\t\tif (iterator) {","\t\t\t\tfor (; i < n; i++) {","\t\t\t\t\titerator(list[i], i);","\t\t\t\t}","\t\t\t}","","\t\t\treturn list;","\t\t}","","\t\treturn [];","\t}","","","","\tfunction _dispatchEvent(sortable, rootEl, name, targetEl, fromEl, startIndex, newIndex) {","\t\tsortable = (sortable || rootEl[expando]);","","\t\tvar evt = document.createEvent('Event'),","\t\t\toptions = sortable.options,","\t\t\tonName = 'on' + name.charAt(0).toUpperCase() + name.substr(1);","","\t\tevt.initEvent(name, true, true);","","\t\tevt.to = rootEl;","\t\tevt.from = fromEl || rootEl;","\t\tevt.item = targetEl || rootEl;","\t\tevt.clone = cloneEl;","","\t\tevt.oldIndex = startIndex;","\t\tevt.newIndex = newIndex;","","\t\trootEl.dispatchEvent(evt);","","\t\tif (options[onName]) {","\t\t\toptions[onName].call(sortable, evt);","\t\t}","\t}","","","\tfunction _onMove(fromEl, toEl, dragEl, dragRect, targetEl, targetRect, originalEvt) {","\t\tvar evt,","\t\t\tsortable = fromEl[expando],","\t\t\tonMoveFn = sortable.options.onMove,","\t\t\tretVal;","","\t\tevt = document.createEvent('Event');","\t\tevt.initEvent('move', true, true);","","\t\tevt.to = toEl;","\t\tevt.from = fromEl;","\t\tevt.dragged = dragEl;","\t\tevt.draggedRect = dragRect;","\t\tevt.related = targetEl || toEl;","\t\tevt.relatedRect = targetRect || toEl.getBoundingClientRect();","","\t\tfromEl.dispatchEvent(evt);","","\t\tif (onMoveFn) {","\t\t\tretVal = onMoveFn.call(sortable, evt, originalEvt);","\t\t}","","\t\treturn retVal;","\t}","","","\tfunction _disableDraggable(el) {","\t\tel.draggable = false;","\t}","","","\tfunction _unsilent() {","\t\t_silent = false;","\t}","","","\t/** @returns {HTMLElement|false} */","\tfunction _ghostIsLast(el, evt) {","\t\tvar lastEl = el.lastElementChild,","\t\t\trect = lastEl.getBoundingClientRect();","","\t\t// 5 — min delta","\t\t// abs — нельзя добавлять, а то глюки при наведении сверху","\t\treturn (","\t\t\t(evt.clientY - (rect.top + rect.height) > 5) ||","\t\t\t(evt.clientX - (rect.right + rect.width) > 5)","\t\t) && lastEl;","\t}","","","\t/**","\t * Generate id","\t * @param   {HTMLElement} el","\t * @returns {String}","\t * @private","\t */","\tfunction _generateId(el) {","\t\tvar str = el.tagName + el.className + el.src + el.href + el.textContent,","\t\t\ti = str.length,","\t\t\tsum = 0;","","\t\twhile (i--) {","\t\t\tsum += str.charCodeAt(i);","\t\t}","","\t\treturn sum.toString(36);","\t}","","\t/**","\t * Returns the index of an element within its parent for a selected set of","\t * elements","\t * @param  {HTMLElement} el","\t * @param  {selector} selector","\t * @return {number}","\t */","\tfunction _index(el, selector) {","\t\tvar index = 0;","","\t\tif (!el || !el.parentNode) {","\t\t\treturn -1;","\t\t}","","\t\twhile (el && (el = el.previousElementSibling)) {","\t\t\tif ((el.nodeName.toUpperCase() !== 'TEMPLATE') && (selector === '>*' || _matches(el, selector))) {","\t\t\t\tindex++;","\t\t\t}","\t\t}","","\t\treturn index;","\t}","","\tfunction _matches(/**HTMLElement*/el, /**String*/selector) {","\t\tif (el) {","\t\t\tselector = selector.split('.');","","\t\t\tvar tag = selector.shift().toUpperCase(),","\t\t\t\tre = new RegExp('\\\\s(' + selector.join('|') + ')(?=\\\\s)', 'g');","","\t\t\treturn (","\t\t\t\t(tag === '' || el.nodeName.toUpperCase() == tag) &&","\t\t\t\t(!selector.length || ((' ' + el.className + ' ').match(re) || []).length == selector.length)","\t\t\t);","\t\t}","","\t\treturn false;","\t}","","\tfunction _throttle(callback, ms) {","\t\tvar args, _this;","","\t\treturn function () {","\t\t\tif (args === void 0) {","\t\t\t\targs = arguments;","\t\t\t\t_this = this;","","\t\t\t\tsetTimeout(function () {","\t\t\t\t\tif (args.length === 1) {","\t\t\t\t\t\tcallback.call(_this, args[0]);","\t\t\t\t\t} else {","\t\t\t\t\t\tcallback.apply(_this, args);","\t\t\t\t\t}","","\t\t\t\t\targs = void 0;","\t\t\t\t}, ms);","\t\t\t}","\t\t};","\t}","","\tfunction _extend(dst, src) {","\t\tif (dst && src) {","\t\t\tfor (var key in src) {","\t\t\t\tif (src.hasOwnProperty(key)) {","\t\t\t\t\tdst[key] = src[key];","\t\t\t\t}","\t\t\t}","\t\t}","","\t\treturn dst;","\t}","","\tfunction _clone(el) {","\t\treturn $","\t\t\t? $(el).clone(true)[0]","\t\t\t: (Polymer && Polymer.dom","\t\t\t\t? Polymer.dom(el).cloneNode(true)","\t\t\t\t: el.cloneNode(true)","\t\t\t);","\t}","","\tfunction _saveInputCheckedState(root) {","\t\tvar inputs = root.getElementsByTagName('input');","\t\tvar idx = inputs.length;","","\t\twhile (idx--) {","\t\t\tvar el = inputs[idx];","\t\t\tel.checked && savedInputChecked.push(el);","\t\t}","\t}","","\t// Fixed #973: ","\t_on(document, 'touchmove', function (evt) {","\t\tif (Sortable.active) {","\t\t\tevt.preventDefault();","\t\t}","\t});","","\ttry {","\t\twindow.addEventListener('test', null, Object.defineProperty({}, 'passive', {","\t\t\tget: function () {","\t\t\t\tcaptureMode = {","\t\t\t\t\tcapture: false,","\t\t\t\t\tpassive: false","\t\t\t\t};","\t\t\t}","\t\t}));","\t} catch (err) {}","","\t// Export utils","\tSortable.utils = {","\t\ton: _on,","\t\toff: _off,","\t\tcss: _css,","\t\tfind: _find,","\t\tis: function (el, selector) {","\t\t\treturn !!_closest(el, selector, el);","\t\t},","\t\textend: _extend,","\t\tthrottle: _throttle,","\t\tclosest: _closest,","\t\ttoggleClass: _toggleClass,","\t\tclone: _clone,","\t\tindex: _index","\t};","","","\t/**","\t * Create sortable instance","\t * @param {HTMLElement}  el","\t * @param {Object}      [options]","\t */","\tSortable.create = function (el, options) {","\t\treturn new Sortable(el, options);","\t};","","","\t// Export","\tSortable.version = '1.5.1';","\treturn Sortable;","});",""],"l":{"7":1,"10":1,"11":0,"13":1,"14":1,"18":0,"23":1,"24":1,"25":0,"29":0,"76":0,"77":0,"79":0,"80":0,"81":0,"94":0,"95":0,"115":0,"116":0,"117":0,"118":0,"120":0,"121":0,"123":0,"124":0,"127":0,"134":0,"135":0,"136":0,"137":0,"138":0,"142":0,"143":0,"144":0,"147":0,"151":0,"152":0,"153":0,"154":0,"156":0,"158":0,"159":0,"160":0,"161":0,"163":0,"164":0,"167":0,"168":0,"170":0,"171":0,"180":1,"181":0,"182":0,"185":0,"186":0,"188":0,"189":0,"191":0,"201":0,"202":0,"204":0,"205":0,"208":0,"209":0,"210":0,"211":0,"213":0,"223":1,"224":0,"225":0,"228":0,"229":0,"233":0,"236":0,"254":0,"269":0,"270":0,"273":0,"276":0,"277":0,"278":0,"283":0,"286":0,"287":0,"288":0,"290":0,"291":0,"292":0,"295":0,"298":0,"302":0,"306":0,"317":0,"321":0,"322":0,"325":0,"326":0,"330":0,"332":0,"333":0,"336":0,"338":0,"342":0,"345":0,"346":0,"347":0,"348":0,"349":0,"352":0,"353":0,"354":0,"356":0,"357":0,"358":0,"362":0,"363":0,"364":0,"368":0,"369":0,"373":0,"377":0,"383":0,"384":0,"386":0,"387":0,"388":0,"389":0,"390":0,"391":0,"392":0,"394":0,"395":0,"397":0,"399":0,"402":0,"405":0,"408":0,"411":0,"414":0,"418":0,"419":0,"422":0,"423":0,"424":0,"425":0,"426":0,"428":0,"432":0,"433":0,"434":0,"435":0,"436":0,"437":0,"439":0,"441":0,"449":0,"451":0,"452":0,"453":0,"454":0,"455":0,"456":0,"457":0,"461":0,"463":0,"465":0,"471":0,"473":0,"474":0,"477":0,"478":0,"481":0,"482":0,"484":0,"485":0,"488":0,"495":0,"496":0,"499":0,"500":0,"502":0,"505":0,"507":0,"512":0,"513":0,"514":0,"517":0,"518":0,"520":0,"521":0,"524":0,"528":0,"529":0,"530":0,"531":0,"532":0,"540":0,"543":0,"549":0,"550":0,"557":0,"558":0,"567":0,"568":0,"571":0,"574":0,"578":0,"580":0,"581":0,"583":0,"584":0,"585":0,"586":0,"588":0,"593":0,"594":0,"599":0,"601":0,"602":0,"603":0,"605":0,"606":0,"607":0,"608":0,"609":0,"610":0,"611":0,"612":0,"614":0,"617":0,"618":0,"619":0,"624":0,"627":0,"629":0,"630":0,"632":0,"633":0,"635":0,"636":0,"638":0,"639":0,"642":0,"644":0,"645":0,"647":0,"648":0,"649":0,"650":0,"651":0,"654":0,"655":0,"658":0,"661":0,"662":0,"663":0,"666":0,"667":0,"672":0,"684":0,"685":0,"686":0,"689":0,"690":0,"693":0,"695":0,"709":0,"711":0,"712":0,"715":0,"716":0,"718":0,"719":0,"720":0,"723":0,"724":0,"725":0,"727":0,"728":0,"730":0,"731":0,"734":0,"738":0,"741":0,"742":0,"743":0,"746":0,"749":0,"751":0,"752":0,"753":0,"754":0,"757":0,"758":0,"761":0,"762":0,"763":0,"764":0,"765":0,"768":0,"770":0,"782":0,"783":0,"784":0,"786":0,"788":0,"789":0,"791":0,"792":0,"795":0,"796":0,"798":0,"799":0,"801":0,"803":0,"804":0,"807":0,"808":0,"809":0,"811":0,"815":0,"817":0,"818":0,"825":0,"827":0,"828":0,"830":0,"831":0,"834":0,"835":0,"840":0,"842":0,"843":0,"845":0,"846":0,"847":0,"848":0,"849":0,"855":0,"857":0,"858":0,"859":0,"860":0,"861":0,"862":0,"863":0,"867":0,"870":0,"871":0,"872":0,"875":0,"877":0,"878":0,"879":0,"882":0,"884":0,"885":0,"886":0,"887":0,"890":0,"892":0,"894":0,"897":0,"898":0,"899":0,"902":0,"903":0,"906":0,"907":0,"909":0,"910":0,"912":0,"914":0,"917":0,"920":0,"921":0,"925":0,"927":0,"929":0,"931":0,"932":0,"937":0,"939":0,"940":0,"943":0,"946":0,"952":0,"956":0,"980":0,"981":0,"983":0,"987":0,"990":0,"991":0,"995":0,"996":0,"997":0,"999":0,"1002":0,"1003":0,"1013":0,"1020":0,"1021":0,"1022":0,"1023":0,"1027":0,"1036":0,"1038":0,"1039":0,"1041":0,"1042":0,"1046":0,"1047":0,"1048":0,"1049":0,"1059":0,"1060":0,"1071":0,"1082":0,"1084":0,"1085":0,"1087":0,"1089":0,"1090":0,"1100":0,"1102":0,"1104":0,"1105":0,"1106":0,"1108":0,"1109":0,"1110":0,"1114":0,"1115":0,"1118":0,"1120":0,"1122":0,"1127":1,"1128":0,"1129":0,"1132":0,"1133":0,"1135":0,"1136":0,"1137":0,"1138":0,"1139":0,"1141":0,"1146":0,"1151":1,"1152":0,"1153":0,"1155":0,"1156":0,"1157":0,"1163":0,"1167":1,"1168":0,"1170":0,"1174":1,"1175":0,"1176":0,"1178":0,"1182":1,"1183":0,"1187":1,"1188":0,"1192":1,"1193":0,"1194":0,"1195":0,"1198":0,"1199":0,"1205":1,"1206":0,"1208":0,"1209":0,"1210":0,"1211":0,"1213":0,"1214":0,"1217":0,"1220":0,"1221":0,"1224":0,"1230":1,"1231":0,"1232":0,"1234":0,"1235":0,"1236":0,"1240":0,"1243":0,"1248":1,"1249":0,"1251":0,"1255":0,"1257":0,"1258":0,"1259":0,"1260":0,"1262":0,"1263":0,"1265":0,"1267":0,"1268":0,"1273":1,"1274":0,"1279":0,"1280":0,"1282":0,"1283":0,"1284":0,"1285":0,"1286":0,"1287":0,"1289":0,"1291":0,"1292":0,"1295":0,"1299":1,"1300":0,"1304":1,"1305":0,"1310":1,"1311":0,"1316":0,"1329":1,"1330":0,"1334":0,"1335":0,"1338":0,"1348":1,"1349":0,"1351":0,"1352":0,"1355":0,"1356":0,"1357":0,"1361":0,"1364":1,"1365":0,"1366":0,"1368":0,"1371":0,"1377":0,"1380":1,"1381":0,"1383":0,"1384":0,"1385":0,"1386":0,"1388":0,"1389":0,"1390":0,"1392":0,"1395":0,"1401":1,"1402":0,"1403":0,"1404":0,"1405":0,"1410":0,"1413":1,"1414":0,"1422":1,"1423":0,"1424":0,"1426":0,"1427":0,"1428":0,"1433":0,"1434":0,"1435":0,"1439":0,"1440":0,"1442":0,"1451":0,"1457":0,"1473":0,"1474":0,"1479":0,"1480":0}}}